-------------------------------------------------------------------------------
Test set: implementaciones.UsuarioBOTest
-------------------------------------------------------------------------------
Tests run: 1, Failures: 1, Errors: 0, Skipped: 0, Time elapsed: 1.132 s <<< FAILURE! -- in implementaciones.UsuarioBOTest
implementaciones.UsuarioBOTest.agregarUsuario_UsuarioClienteValido_ReturnSuccess -- Time elapsed: 1.102 s <<< FAILURE!
Wanted but not invoked:
usuarioDAO.agregarCliente(
    <any colecciones.Usuario>
);
-> at implementaciones.UsuarioBOTest.agregarUsuario_UsuarioClienteValido_ReturnSuccess(UsuarioBOTest.java:62)
Actually, there were zero interactions with this mock.

	at implementaciones.UsuarioBOTest.agregarUsuario_UsuarioClienteValido_ReturnSuccess(UsuarioBOTest.java:62)
	at java.base/java.lang.reflect.Method.invoke(Method.java:580)
	at java.base/java.util.ArrayList.forEach(ArrayList.java:1596)
	at java.base/java.util.ArrayList.forEach(ArrayList.java:1596)

