-------------------------------------------------------------------------------
Test set: implementaciones.UsuarioDAOTest
-------------------------------------------------------------------------------
Tests run: 19, Failures: 0, Errors: 4, Skipped: 0, Time elapsed: 0.911 s <<< FAILURE! -- in implementaciones.UsuarioDAOTest
implementaciones.UsuarioDAOTest.agregarEmpleado_EmpleadoCorreoExistente_ReturnFail -- Time elapsed: 0.278 s <<< ERROR!
excepciones.PersistenciaException: Ya existe un usuario con ese correo.
	at implementaciones.UsuarioDAO.agregarEmpleado(UsuarioDAO.java:81)
	at implementaciones.UsuarioDAOTest.agregarEmpleado_EmpleadoCorreoExistente_ReturnFail(UsuarioDAOTest.java:241)
	at java.base/java.lang.reflect.Method.invoke(Method.java:580)
	at java.base/java.util.ArrayList.forEach(ArrayList.java:1596)
	at java.base/java.util.ArrayList.forEach(ArrayList.java:1596)

implementaciones.UsuarioDAOTest.agregarEmpleado_EmpleadoRfcExistente_ReturnFail -- Time elapsed: 0.074 s <<< ERROR!
excepciones.PersistenciaException: Ya existe un empleado con ese RFC.
	at implementaciones.UsuarioDAO.agregarEmpleado(UsuarioDAO.java:93)
	at implementaciones.UsuarioDAOTest.agregarEmpleado_EmpleadoRfcExistente_ReturnFail(UsuarioDAOTest.java:273)
	at java.base/java.lang.reflect.Method.invoke(Method.java:580)
	at java.base/java.util.ArrayList.forEach(ArrayList.java:1596)
	at java.base/java.util.ArrayList.forEach(ArrayList.java:1596)

implementaciones.UsuarioDAOTest.agregarCliente_ClienteCorreoExistente_ReturnFail -- Time elapsed: 0.030 s <<< ERROR!
excepciones.PersistenciaException: Ya existe un usuario con ese correo.
	at implementaciones.UsuarioDAO.agregarCliente(UsuarioDAO.java:48)
	at implementaciones.UsuarioDAOTest.agregarCliente_ClienteCorreoExistente_ReturnFail(UsuarioDAOTest.java:64)
	at java.base/java.lang.reflect.Method.invoke(Method.java:580)
	at java.base/java.util.ArrayList.forEach(ArrayList.java:1596)
	at java.base/java.util.ArrayList.forEach(ArrayList.java:1596)

implementaciones.UsuarioDAOTest.agregarEmpleado_EmpleadoCurpExistente_ReturnFail -- Time elapsed: 0.044 s <<< ERROR!
excepciones.PersistenciaException: Ya existe un empleado con esa CURP.
	at implementaciones.UsuarioDAO.agregarEmpleado(UsuarioDAO.java:87)
	at implementaciones.UsuarioDAOTest.agregarEmpleado_EmpleadoCurpExistente_ReturnFail(UsuarioDAOTest.java:257)
	at java.base/java.lang.reflect.Method.invoke(Method.java:580)
	at java.base/java.util.ArrayList.forEach(ArrayList.java:1596)
	at java.base/java.util.ArrayList.forEach(ArrayList.java:1596)

