<?xml version="1.0" encoding="UTF-8"?>
<testsuite xmlns:xsi="http://www.w3.org/2001/XMLSchema-instance" xsi:noNamespaceSchemaLocation="https://maven.apache.org/surefire/maven-surefire-plugin/xsd/surefire-test-report-3.0.xsd" version="3.0" name="implementaciones.UsuarioDAOTest" time="0.901" tests="19" errors="0" skipped="0" failures="0">
  <properties>
[...]
</properties>
  <testcase name="agregarEmpleado_EmpleadoMantenimiento_ReturnSuccess" classname="implementaciones.UsuarioDAOTest" time="0.25">
    <system-err><![CDATA[nov 11, 2024 6:06:56 A. M. com.mongodb.diagnostics.logging.JULLogger log
INFO: Cluster created with settings {hosts=[localhost:27017], mode=SINGLE, requiredClusterType=UNKNOWN, serverSelectionTimeout='30000 ms', maxWaitQueueSize=500}
nov 11, 2024 6:06:56 A. M. conexion.Conexion crearConexion
INFO: Se ha establecido la conexión con el servidor.
nov 11, 2024 6:06:56 A. M. com.mongodb.diagnostics.logging.JULLogger log
INFO: Cluster description not yet available. Waiting for 30000 ms before timing out
nov 11, 2024 6:06:56 A. M. com.mongodb.diagnostics.logging.JULLogger log
INFO: Opened connection [connectionId{localValue:1}] to localhost:27017
nov 11, 2024 6:06:56 A. M. com.mongodb.diagnostics.logging.JULLogger log
INFO: Monitor thread successfully connected to server with description ServerDescription{address=localhost:27017, type=STANDALONE, state=CONNECTED, ok=true, version=ServerVersion{versionList=[8, 0, 3]}, minWireVersion=0, maxWireVersion=25, maxDocumentSize=16777216, logicalSessionTimeoutMinutes=30, roundTripTimeNanos=1809700}
nov 11, 2024 6:06:56 A. M. com.mongodb.diagnostics.logging.JULLogger log
INFO: Opened connection [connectionId{localValue:2}] to localhost:27017
nov 11, 2024 6:06:56 A. M. implementaciones.UsuarioDAO obtenerUsuarioCorreo
INFO: Se ha consultado la colección 'usuarios'.
nov 11, 2024 6:06:56 A. M. com.mongodb.diagnostics.logging.JULLogger log
INFO: Closed connection [connectionId{localValue:2}] to localhost:27017 because the pool has been closed.
nov 11, 2024 6:06:56 A. M. conexion.Conexion cerrarConexion
INFO: Se ha cerrado la conexión con el servidor.
nov 11, 2024 6:06:56 A. M. com.mongodb.diagnostics.logging.JULLogger log
INFO: Cluster created with settings {hosts=[localhost:27017], mode=SINGLE, requiredClusterType=UNKNOWN, serverSelectionTimeout='30000 ms', maxWaitQueueSize=500}
nov 11, 2024 6:06:56 A. M. conexion.Conexion crearConexion
INFO: Se ha establecido la conexión con el servidor.
nov 11, 2024 6:06:56 A. M. com.mongodb.diagnostics.logging.JULLogger log
INFO: Cluster description not yet available. Waiting for 30000 ms before timing out
nov 11, 2024 6:06:56 A. M. com.mongodb.diagnostics.logging.JULLogger log
INFO: Opened connection [connectionId{localValue:3}] to localhost:27017
nov 11, 2024 6:06:56 A. M. com.mongodb.diagnostics.logging.JULLogger log
INFO: Monitor thread successfully connected to server with description ServerDescription{address=localhost:27017, type=STANDALONE, state=CONNECTED, ok=true, version=ServerVersion{versionList=[8, 0, 3]}, minWireVersion=0, maxWireVersion=25, maxDocumentSize=16777216, logicalSessionTimeoutMinutes=30, roundTripTimeNanos=391500}
nov 11, 2024 6:06:56 A. M. com.mongodb.diagnostics.logging.JULLogger log
INFO: Opened connection [connectionId{localValue:4}] to localhost:27017
nov 11, 2024 6:06:56 A. M. implementaciones.UsuarioDAO obtenerEmpleadoCurp
INFO: Se ha consultado la colección 'usuarios'.
nov 11, 2024 6:06:56 A. M. com.mongodb.diagnostics.logging.JULLogger log
INFO: Closed connection [connectionId{localValue:4}] to localhost:27017 because the pool has been closed.
nov 11, 2024 6:06:56 A. M. conexion.Conexion cerrarConexion
INFO: Se ha cerrado la conexión con el servidor.
nov 11, 2024 6:06:56 A. M. com.mongodb.diagnostics.logging.JULLogger log
INFO: Cluster created with settings {hosts=[localhost:27017], mode=SINGLE, requiredClusterType=UNKNOWN, serverSelectionTimeout='30000 ms', maxWaitQueueSize=500}
nov 11, 2024 6:06:56 A. M. conexion.Conexion crearConexion
INFO: Se ha establecido la conexión con el servidor.
nov 11, 2024 6:06:56 A. M. com.mongodb.diagnostics.logging.JULLogger log
INFO: Cluster description not yet available. Waiting for 30000 ms before timing out
nov 11, 2024 6:06:56 A. M. com.mongodb.diagnostics.logging.JULLogger log
INFO: Opened connection [connectionId{localValue:5}] to localhost:27017
nov 11, 2024 6:06:56 A. M. com.mongodb.diagnostics.logging.JULLogger log
INFO: Monitor thread successfully connected to server with description ServerDescription{address=localhost:27017, type=STANDALONE, state=CONNECTED, ok=true, version=ServerVersion{versionList=[8, 0, 3]}, minWireVersion=0, maxWireVersion=25, maxDocumentSize=16777216, logicalSessionTimeoutMinutes=30, roundTripTimeNanos=274100}
nov 11, 2024 6:06:56 A. M. com.mongodb.diagnostics.logging.JULLogger log
INFO: Opened connection [connectionId{localValue:6}] to localhost:27017
nov 11, 2024 6:06:56 A. M. implementaciones.UsuarioDAO obtenerEmpleadoRfc
INFO: Se ha consultado la colección 'usuarios'.
nov 11, 2024 6:06:56 A. M. com.mongodb.diagnostics.logging.JULLogger log
INFO: Closed connection [connectionId{localValue:6}] to localhost:27017 because the pool has been closed.
nov 11, 2024 6:06:56 A. M. conexion.Conexion cerrarConexion
INFO: Se ha cerrado la conexión con el servidor.
nov 11, 2024 6:06:56 A. M. com.mongodb.diagnostics.logging.JULLogger log
INFO: Cluster created with settings {hosts=[localhost:27017], mode=SINGLE, requiredClusterType=UNKNOWN, serverSelectionTimeout='30000 ms', maxWaitQueueSize=500}
nov 11, 2024 6:06:56 A. M. conexion.Conexion crearConexion
INFO: Se ha establecido la conexión con el servidor.
nov 11, 2024 6:06:56 A. M. com.mongodb.diagnostics.logging.JULLogger log
INFO: Opened connection [connectionId{localValue:7}] to localhost:27017
nov 11, 2024 6:06:56 A. M. com.mongodb.diagnostics.logging.JULLogger log
INFO: Monitor thread successfully connected to server with description ServerDescription{address=localhost:27017, type=STANDALONE, state=CONNECTED, ok=true, version=ServerVersion{versionList=[8, 0, 3]}, minWireVersion=0, maxWireVersion=25, maxDocumentSize=16777216, logicalSessionTimeoutMinutes=30, roundTripTimeNanos=312500}
nov 11, 2024 6:06:56 A. M. com.mongodb.diagnostics.logging.JULLogger log
INFO: Opened connection [connectionId{localValue:8}] to localhost:27017
nov 11, 2024 6:06:56 A. M. implementaciones.UsuarioDAO agregarEmpleado
INFO: Se ha insertado un documento en la colección 'usuarios'.
nov 11, 2024 6:06:56 A. M. com.mongodb.diagnostics.logging.JULLogger log
INFO: Closed connection [connectionId{localValue:8}] to localhost:27017 because the pool has been closed.
nov 11, 2024 6:06:56 A. M. conexion.Conexion cerrarConexion
INFO: Se ha cerrado la conexión con el servidor.
nov 11, 2024 6:06:56 A. M. com.mongodb.diagnostics.logging.JULLogger log
INFO: Cluster created with settings {hosts=[localhost:27017], mode=SINGLE, requiredClusterType=UNKNOWN, serverSelectionTimeout='30000 ms', maxWaitQueueSize=500}
nov 11, 2024 6:06:56 A. M. conexion.Conexion crearConexion
INFO: Se ha establecido la conexión con el servidor.
nov 11, 2024 6:06:56 A. M. com.mongodb.diagnostics.logging.JULLogger log
INFO: Cluster description not yet available. Waiting for 30000 ms before timing out
nov 11, 2024 6:06:56 A. M. com.mongodb.diagnostics.logging.JULLogger log
INFO: Opened connection [connectionId{localValue:9}] to localhost:27017
nov 11, 2024 6:06:56 A. M. com.mongodb.diagnostics.logging.JULLogger log
INFO: Monitor thread successfully connected to server with description ServerDescription{address=localhost:27017, type=STANDALONE, state=CONNECTED, ok=true, version=ServerVersion{versionList=[8, 0, 3]}, minWireVersion=0, maxWireVersion=25, maxDocumentSize=16777216, logicalSessionTimeoutMinutes=30, roundTripTimeNanos=286600}
nov 11, 2024 6:06:56 A. M. com.mongodb.diagnostics.logging.JULLogger log
INFO: Opened connection [connectionId{localValue:10}] to localhost:27017
nov 11, 2024 6:06:56 A. M. implementaciones.UsuarioDAO obtenerUsuarioCorreo
INFO: Se ha consultado la colección 'usuarios'.
nov 11, 2024 6:06:56 A. M. com.mongodb.diagnostics.logging.JULLogger log
INFO: Closed connection [connectionId{localValue:10}] to localhost:27017 because the pool has been closed.
nov 11, 2024 6:06:56 A. M. conexion.Conexion cerrarConexion
INFO: Se ha cerrado la conexión con el servidor.
nov 11, 2024 6:06:56 A. M. com.mongodb.diagnostics.logging.JULLogger log
INFO: Cluster created with settings {hosts=[localhost:27017], mode=SINGLE, requiredClusterType=UNKNOWN, serverSelectionTimeout='30000 ms', maxWaitQueueSize=500}
nov 11, 2024 6:06:56 A. M. conexion.Conexion crearConexion
INFO: Se ha establecido la conexión con el servidor.
nov 11, 2024 6:06:56 A. M. com.mongodb.diagnostics.logging.JULLogger log
INFO: Cluster description not yet available. Waiting for 30000 ms before timing out
nov 11, 2024 6:06:56 A. M. com.mongodb.diagnostics.logging.JULLogger log
INFO: Opened connection [connectionId{localValue:11}] to localhost:27017
nov 11, 2024 6:06:56 A. M. com.mongodb.diagnostics.logging.JULLogger log
INFO: Monitor thread successfully connected to server with description ServerDescription{address=localhost:27017, type=STANDALONE, state=CONNECTED, ok=true, version=ServerVersion{versionList=[8, 0, 3]}, minWireVersion=0, maxWireVersion=25, maxDocumentSize=16777216, logicalSessionTimeoutMinutes=30, roundTripTimeNanos=258800}
nov 11, 2024 6:06:56 A. M. com.mongodb.diagnostics.logging.JULLogger log
INFO: Opened connection [connectionId{localValue:12}] to localhost:27017
nov 11, 2024 6:06:56 A. M. implementaciones.UsuarioDAO borrarUsuarios
INFO: Se han eliminado 1 registros de la colección 'usuarios'.
nov 11, 2024 6:06:56 A. M. com.mongodb.diagnostics.logging.JULLogger log
INFO: Closed connection [connectionId{localValue:12}] to localhost:27017 because the pool has been closed.
nov 11, 2024 6:06:56 A. M. conexion.Conexion cerrarConexion
INFO: Se ha cerrado la conexión con el servidor.
]]></system-err>
  </testcase>
  <testcase name="agregarEmpleado_EmpleadoRfcExistente_ThrowException" classname="implementaciones.UsuarioDAOTest" time="0.065">
    <system-err><![CDATA[nov 11, 2024 6:06:56 A. M. com.mongodb.diagnostics.logging.JULLogger log
INFO: Cluster created with settings {hosts=[localhost:27017], mode=SINGLE, requiredClusterType=UNKNOWN, serverSelectionTimeout='30000 ms', maxWaitQueueSize=500}
nov 11, 2024 6:06:56 A. M. conexion.Conexion crearConexion
INFO: Se ha establecido la conexión con el servidor.
nov 11, 2024 6:06:56 A. M. com.mongodb.diagnostics.logging.JULLogger log
INFO: Cluster description not yet available. Waiting for 30000 ms before timing out
nov 11, 2024 6:06:56 A. M. com.mongodb.diagnostics.logging.JULLogger log
INFO: Opened connection [connectionId{localValue:13}] to localhost:27017
nov 11, 2024 6:06:56 A. M. com.mongodb.diagnostics.logging.JULLogger log
INFO: Monitor thread successfully connected to server with description ServerDescription{address=localhost:27017, type=STANDALONE, state=CONNECTED, ok=true, version=ServerVersion{versionList=[8, 0, 3]}, minWireVersion=0, maxWireVersion=25, maxDocumentSize=16777216, logicalSessionTimeoutMinutes=30, roundTripTimeNanos=336700}
nov 11, 2024 6:06:56 A. M. com.mongodb.diagnostics.logging.JULLogger log
INFO: Opened connection [connectionId{localValue:14}] to localhost:27017
nov 11, 2024 6:06:56 A. M. implementaciones.UsuarioDAO obtenerUsuarioCorreo
INFO: Se ha consultado la colección 'usuarios'.
nov 11, 2024 6:06:56 A. M. com.mongodb.diagnostics.logging.JULLogger log
INFO: Closed connection [connectionId{localValue:14}] to localhost:27017 because the pool has been closed.
nov 11, 2024 6:06:56 A. M. conexion.Conexion cerrarConexion
INFO: Se ha cerrado la conexión con el servidor.
nov 11, 2024 6:06:56 A. M. com.mongodb.diagnostics.logging.JULLogger log
INFO: Cluster created with settings {hosts=[localhost:27017], mode=SINGLE, requiredClusterType=UNKNOWN, serverSelectionTimeout='30000 ms', maxWaitQueueSize=500}
nov 11, 2024 6:06:56 A. M. conexion.Conexion crearConexion
INFO: Se ha establecido la conexión con el servidor.
nov 11, 2024 6:06:56 A. M. com.mongodb.diagnostics.logging.JULLogger log
INFO: Cluster description not yet available. Waiting for 30000 ms before timing out
nov 11, 2024 6:06:56 A. M. com.mongodb.diagnostics.logging.JULLogger log
INFO: Opened connection [connectionId{localValue:15}] to localhost:27017
nov 11, 2024 6:06:56 A. M. com.mongodb.diagnostics.logging.JULLogger log
INFO: Monitor thread successfully connected to server with description ServerDescription{address=localhost:27017, type=STANDALONE, state=CONNECTED, ok=true, version=ServerVersion{versionList=[8, 0, 3]}, minWireVersion=0, maxWireVersion=25, maxDocumentSize=16777216, logicalSessionTimeoutMinutes=30, roundTripTimeNanos=270300}
nov 11, 2024 6:06:56 A. M. com.mongodb.diagnostics.logging.JULLogger log
INFO: Opened connection [connectionId{localValue:16}] to localhost:27017
nov 11, 2024 6:06:56 A. M. implementaciones.UsuarioDAO obtenerEmpleadoCurp
INFO: Se ha consultado la colección 'usuarios'.
nov 11, 2024 6:06:56 A. M. com.mongodb.diagnostics.logging.JULLogger log
INFO: Closed connection [connectionId{localValue:16}] to localhost:27017 because the pool has been closed.
nov 11, 2024 6:06:56 A. M. conexion.Conexion cerrarConexion
INFO: Se ha cerrado la conexión con el servidor.
nov 11, 2024 6:06:56 A. M. com.mongodb.diagnostics.logging.JULLogger log
INFO: Cluster created with settings {hosts=[localhost:27017], mode=SINGLE, requiredClusterType=UNKNOWN, serverSelectionTimeout='30000 ms', maxWaitQueueSize=500}
nov 11, 2024 6:06:56 A. M. conexion.Conexion crearConexion
INFO: Se ha establecido la conexión con el servidor.
nov 11, 2024 6:06:56 A. M. com.mongodb.diagnostics.logging.JULLogger log
INFO: Cluster description not yet available. Waiting for 30000 ms before timing out
nov 11, 2024 6:06:56 A. M. com.mongodb.diagnostics.logging.JULLogger log
INFO: Opened connection [connectionId{localValue:17}] to localhost:27017
nov 11, 2024 6:06:56 A. M. com.mongodb.diagnostics.logging.JULLogger log
INFO: Monitor thread successfully connected to server with description ServerDescription{address=localhost:27017, type=STANDALONE, state=CONNECTED, ok=true, version=ServerVersion{versionList=[8, 0, 3]}, minWireVersion=0, maxWireVersion=25, maxDocumentSize=16777216, logicalSessionTimeoutMinutes=30, roundTripTimeNanos=245500}
nov 11, 2024 6:06:56 A. M. com.mongodb.diagnostics.logging.JULLogger log
INFO: Opened connection [connectionId{localValue:18}] to localhost:27017
nov 11, 2024 6:06:56 A. M. implementaciones.UsuarioDAO obtenerEmpleadoRfc
INFO: Se ha consultado la colección 'usuarios'.
nov 11, 2024 6:06:56 A. M. com.mongodb.diagnostics.logging.JULLogger log
INFO: Closed connection [connectionId{localValue:18}] to localhost:27017 because the pool has been closed.
nov 11, 2024 6:06:56 A. M. conexion.Conexion cerrarConexion
INFO: Se ha cerrado la conexión con el servidor.
nov 11, 2024 6:06:56 A. M. com.mongodb.diagnostics.logging.JULLogger log
INFO: Cluster created with settings {hosts=[localhost:27017], mode=SINGLE, requiredClusterType=UNKNOWN, serverSelectionTimeout='30000 ms', maxWaitQueueSize=500}
nov 11, 2024 6:06:56 A. M. conexion.Conexion crearConexion
INFO: Se ha establecido la conexión con el servidor.
nov 11, 2024 6:06:56 A. M. com.mongodb.diagnostics.logging.JULLogger log
INFO: Cluster description not yet available. Waiting for 30000 ms before timing out
nov 11, 2024 6:06:56 A. M. com.mongodb.diagnostics.logging.JULLogger log
INFO: Opened connection [connectionId{localValue:19}] to localhost:27017
nov 11, 2024 6:06:56 A. M. com.mongodb.diagnostics.logging.JULLogger log
INFO: Monitor thread successfully connected to server with description ServerDescription{address=localhost:27017, type=STANDALONE, state=CONNECTED, ok=true, version=ServerVersion{versionList=[8, 0, 3]}, minWireVersion=0, maxWireVersion=25, maxDocumentSize=16777216, logicalSessionTimeoutMinutes=30, roundTripTimeNanos=271400}
nov 11, 2024 6:06:56 A. M. com.mongodb.diagnostics.logging.JULLogger log
INFO: Opened connection [connectionId{localValue:20}] to localhost:27017
nov 11, 2024 6:06:56 A. M. implementaciones.UsuarioDAO agregarEmpleado
INFO: Se ha insertado un documento en la colección 'usuarios'.
nov 11, 2024 6:06:56 A. M. com.mongodb.diagnostics.logging.JULLogger log
INFO: Closed connection [connectionId{localValue:20}] to localhost:27017 because the pool has been closed.
nov 11, 2024 6:06:56 A. M. conexion.Conexion cerrarConexion
INFO: Se ha cerrado la conexión con el servidor.
nov 11, 2024 6:06:56 A. M. com.mongodb.diagnostics.logging.JULLogger log
INFO: Cluster created with settings {hosts=[localhost:27017], mode=SINGLE, requiredClusterType=UNKNOWN, serverSelectionTimeout='30000 ms', maxWaitQueueSize=500}
nov 11, 2024 6:06:56 A. M. conexion.Conexion crearConexion
INFO: Se ha establecido la conexión con el servidor.
nov 11, 2024 6:06:56 A. M. com.mongodb.diagnostics.logging.JULLogger log
INFO: Cluster description not yet available. Waiting for 30000 ms before timing out
nov 11, 2024 6:06:56 A. M. com.mongodb.diagnostics.logging.JULLogger log
INFO: Opened connection [connectionId{localValue:21}] to localhost:27017
nov 11, 2024 6:06:56 A. M. com.mongodb.diagnostics.logging.JULLogger log
INFO: Monitor thread successfully connected to server with description ServerDescription{address=localhost:27017, type=STANDALONE, state=CONNECTED, ok=true, version=ServerVersion{versionList=[8, 0, 3]}, minWireVersion=0, maxWireVersion=25, maxDocumentSize=16777216, logicalSessionTimeoutMinutes=30, roundTripTimeNanos=286200}
nov 11, 2024 6:06:56 A. M. com.mongodb.diagnostics.logging.JULLogger log
INFO: Opened connection [connectionId{localValue:22}] to localhost:27017
nov 11, 2024 6:06:56 A. M. implementaciones.UsuarioDAO obtenerUsuarioCorreo
INFO: Se ha consultado la colección 'usuarios'.
nov 11, 2024 6:06:56 A. M. com.mongodb.diagnostics.logging.JULLogger log
INFO: Closed connection [connectionId{localValue:22}] to localhost:27017 because the pool has been closed.
nov 11, 2024 6:06:56 A. M. conexion.Conexion cerrarConexion
INFO: Se ha cerrado la conexión con el servidor.
nov 11, 2024 6:06:56 A. M. com.mongodb.diagnostics.logging.JULLogger log
INFO: Cluster created with settings {hosts=[localhost:27017], mode=SINGLE, requiredClusterType=UNKNOWN, serverSelectionTimeout='30000 ms', maxWaitQueueSize=500}
nov 11, 2024 6:06:56 A. M. conexion.Conexion crearConexion
INFO: Se ha establecido la conexión con el servidor.
nov 11, 2024 6:06:56 A. M. com.mongodb.diagnostics.logging.JULLogger log
INFO: Cluster description not yet available. Waiting for 30000 ms before timing out
nov 11, 2024 6:06:56 A. M. com.mongodb.diagnostics.logging.JULLogger log
INFO: Opened connection [connectionId{localValue:23}] to localhost:27017
nov 11, 2024 6:06:56 A. M. com.mongodb.diagnostics.logging.JULLogger log
INFO: Monitor thread successfully connected to server with description ServerDescription{address=localhost:27017, type=STANDALONE, state=CONNECTED, ok=true, version=ServerVersion{versionList=[8, 0, 3]}, minWireVersion=0, maxWireVersion=25, maxDocumentSize=16777216, logicalSessionTimeoutMinutes=30, roundTripTimeNanos=235300}
nov 11, 2024 6:06:56 A. M. com.mongodb.diagnostics.logging.JULLogger log
INFO: Opened connection [connectionId{localValue:24}] to localhost:27017
nov 11, 2024 6:06:56 A. M. implementaciones.UsuarioDAO obtenerUsuarioCorreo
INFO: Se ha consultado la colección 'usuarios'.
nov 11, 2024 6:06:56 A. M. com.mongodb.diagnostics.logging.JULLogger log
INFO: Closed connection [connectionId{localValue:24}] to localhost:27017 because the pool has been closed.
nov 11, 2024 6:06:56 A. M. conexion.Conexion cerrarConexion
INFO: Se ha cerrado la conexión con el servidor.
nov 11, 2024 6:06:56 A. M. com.mongodb.diagnostics.logging.JULLogger log
INFO: Cluster created with settings {hosts=[localhost:27017], mode=SINGLE, requiredClusterType=UNKNOWN, serverSelectionTimeout='30000 ms', maxWaitQueueSize=500}
nov 11, 2024 6:06:56 A. M. conexion.Conexion crearConexion
INFO: Se ha establecido la conexión con el servidor.
nov 11, 2024 6:06:56 A. M. com.mongodb.diagnostics.logging.JULLogger log
INFO: Cluster description not yet available. Waiting for 30000 ms before timing out
nov 11, 2024 6:06:56 A. M. com.mongodb.diagnostics.logging.JULLogger log
INFO: Opened connection [connectionId{localValue:25}] to localhost:27017
nov 11, 2024 6:06:56 A. M. com.mongodb.diagnostics.logging.JULLogger log
INFO: Monitor thread successfully connected to server with description ServerDescription{address=localhost:27017, type=STANDALONE, state=CONNECTED, ok=true, version=ServerVersion{versionList=[8, 0, 3]}, minWireVersion=0, maxWireVersion=25, maxDocumentSize=16777216, logicalSessionTimeoutMinutes=30, roundTripTimeNanos=247800}
nov 11, 2024 6:06:56 A. M. com.mongodb.diagnostics.logging.JULLogger log
INFO: Opened connection [connectionId{localValue:26}] to localhost:27017
nov 11, 2024 6:06:56 A. M. implementaciones.UsuarioDAO obtenerEmpleadoCurp
INFO: Se ha consultado la colección 'usuarios'.
nov 11, 2024 6:06:56 A. M. com.mongodb.diagnostics.logging.JULLogger log
INFO: Closed connection [connectionId{localValue:26}] to localhost:27017 because the pool has been closed.
nov 11, 2024 6:06:56 A. M. conexion.Conexion cerrarConexion
INFO: Se ha cerrado la conexión con el servidor.
nov 11, 2024 6:06:56 A. M. com.mongodb.diagnostics.logging.JULLogger log
INFO: Cluster created with settings {hosts=[localhost:27017], mode=SINGLE, requiredClusterType=UNKNOWN, serverSelectionTimeout='30000 ms', maxWaitQueueSize=500}
nov 11, 2024 6:06:56 A. M. conexion.Conexion crearConexion
INFO: Se ha establecido la conexión con el servidor.
nov 11, 2024 6:06:56 A. M. com.mongodb.diagnostics.logging.JULLogger log
INFO: Cluster description not yet available. Waiting for 30000 ms before timing out
nov 11, 2024 6:06:56 A. M. com.mongodb.diagnostics.logging.JULLogger log
INFO: Opened connection [connectionId{localValue:27}] to localhost:27017
nov 11, 2024 6:06:56 A. M. com.mongodb.diagnostics.logging.JULLogger log
INFO: Monitor thread successfully connected to server with description ServerDescription{address=localhost:27017, type=STANDALONE, state=CONNECTED, ok=true, version=ServerVersion{versionList=[8, 0, 3]}, minWireVersion=0, maxWireVersion=25, maxDocumentSize=16777216, logicalSessionTimeoutMinutes=30, roundTripTimeNanos=259800}
nov 11, 2024 6:06:56 A. M. com.mongodb.diagnostics.logging.JULLogger log
INFO: Opened connection [connectionId{localValue:28}] to localhost:27017
nov 11, 2024 6:06:56 A. M. implementaciones.UsuarioDAO obtenerEmpleadoRfc
INFO: Se ha consultado la colección 'usuarios'.
nov 11, 2024 6:06:56 A. M. com.mongodb.diagnostics.logging.JULLogger log
INFO: Closed connection [connectionId{localValue:28}] to localhost:27017 because the pool has been closed.
nov 11, 2024 6:06:56 A. M. conexion.Conexion cerrarConexion
INFO: Se ha cerrado la conexión con el servidor.
nov 11, 2024 6:06:56 A. M. com.mongodb.diagnostics.logging.JULLogger log
INFO: Cluster created with settings {hosts=[localhost:27017], mode=SINGLE, requiredClusterType=UNKNOWN, serverSelectionTimeout='30000 ms', maxWaitQueueSize=500}
nov 11, 2024 6:06:56 A. M. conexion.Conexion crearConexion
INFO: Se ha establecido la conexión con el servidor.
nov 11, 2024 6:06:56 A. M. com.mongodb.diagnostics.logging.JULLogger log
INFO: Cluster description not yet available. Waiting for 30000 ms before timing out
nov 11, 2024 6:06:56 A. M. com.mongodb.diagnostics.logging.JULLogger log
INFO: Opened connection [connectionId{localValue:29}] to localhost:27017
nov 11, 2024 6:06:56 A. M. com.mongodb.diagnostics.logging.JULLogger log
INFO: Monitor thread successfully connected to server with description ServerDescription{address=localhost:27017, type=STANDALONE, state=CONNECTED, ok=true, version=ServerVersion{versionList=[8, 0, 3]}, minWireVersion=0, maxWireVersion=25, maxDocumentSize=16777216, logicalSessionTimeoutMinutes=30, roundTripTimeNanos=247600}
nov 11, 2024 6:06:56 A. M. com.mongodb.diagnostics.logging.JULLogger log
INFO: Opened connection [connectionId{localValue:30}] to localhost:27017
nov 11, 2024 6:06:56 A. M. implementaciones.UsuarioDAO borrarUsuarios
INFO: Se han eliminado 1 registros de la colección 'usuarios'.
nov 11, 2024 6:06:56 A. M. com.mongodb.diagnostics.logging.JULLogger log
INFO: Closed connection [connectionId{localValue:30}] to localhost:27017 because the pool has been closed.
nov 11, 2024 6:06:56 A. M. conexion.Conexion cerrarConexion
INFO: Se ha cerrado la conexión con el servidor.
]]></system-err>
  </testcase>
  <testcase name="agregarEmpleado_EmpleadoAtencionCliente_ReturnSuccess" classname="implementaciones.UsuarioDAOTest" time="0.041">
    <system-err><![CDATA[nov 11, 2024 6:06:56 A. M. com.mongodb.diagnostics.logging.JULLogger log
INFO: Cluster created with settings {hosts=[localhost:27017], mode=SINGLE, requiredClusterType=UNKNOWN, serverSelectionTimeout='30000 ms', maxWaitQueueSize=500}
nov 11, 2024 6:06:56 A. M. conexion.Conexion crearConexion
INFO: Se ha establecido la conexión con el servidor.
nov 11, 2024 6:06:56 A. M. com.mongodb.diagnostics.logging.JULLogger log
INFO: Cluster description not yet available. Waiting for 30000 ms before timing out
nov 11, 2024 6:06:56 A. M. com.mongodb.diagnostics.logging.JULLogger log
INFO: Opened connection [connectionId{localValue:31}] to localhost:27017
nov 11, 2024 6:06:56 A. M. com.mongodb.diagnostics.logging.JULLogger log
INFO: Monitor thread successfully connected to server with description ServerDescription{address=localhost:27017, type=STANDALONE, state=CONNECTED, ok=true, version=ServerVersion{versionList=[8, 0, 3]}, minWireVersion=0, maxWireVersion=25, maxDocumentSize=16777216, logicalSessionTimeoutMinutes=30, roundTripTimeNanos=404100}
nov 11, 2024 6:06:56 A. M. com.mongodb.diagnostics.logging.JULLogger log
INFO: Opened connection [connectionId{localValue:32}] to localhost:27017
nov 11, 2024 6:06:56 A. M. implementaciones.UsuarioDAO obtenerUsuarioCorreo
INFO: Se ha consultado la colección 'usuarios'.
nov 11, 2024 6:06:56 A. M. com.mongodb.diagnostics.logging.JULLogger log
INFO: Closed connection [connectionId{localValue:32}] to localhost:27017 because the pool has been closed.
nov 11, 2024 6:06:56 A. M. conexion.Conexion cerrarConexion
INFO: Se ha cerrado la conexión con el servidor.
nov 11, 2024 6:06:56 A. M. com.mongodb.diagnostics.logging.JULLogger log
INFO: Cluster created with settings {hosts=[localhost:27017], mode=SINGLE, requiredClusterType=UNKNOWN, serverSelectionTimeout='30000 ms', maxWaitQueueSize=500}
nov 11, 2024 6:06:56 A. M. conexion.Conexion crearConexion
INFO: Se ha establecido la conexión con el servidor.
nov 11, 2024 6:06:56 A. M. com.mongodb.diagnostics.logging.JULLogger log
INFO: Cluster description not yet available. Waiting for 30000 ms before timing out
nov 11, 2024 6:06:56 A. M. com.mongodb.diagnostics.logging.JULLogger log
INFO: Opened connection [connectionId{localValue:33}] to localhost:27017
nov 11, 2024 6:06:56 A. M. com.mongodb.diagnostics.logging.JULLogger log
INFO: Monitor thread successfully connected to server with description ServerDescription{address=localhost:27017, type=STANDALONE, state=CONNECTED, ok=true, version=ServerVersion{versionList=[8, 0, 3]}, minWireVersion=0, maxWireVersion=25, maxDocumentSize=16777216, logicalSessionTimeoutMinutes=30, roundTripTimeNanos=342200}
nov 11, 2024 6:06:56 A. M. com.mongodb.diagnostics.logging.JULLogger log
INFO: Opened connection [connectionId{localValue:34}] to localhost:27017
nov 11, 2024 6:06:56 A. M. implementaciones.UsuarioDAO obtenerEmpleadoCurp
INFO: Se ha consultado la colección 'usuarios'.
nov 11, 2024 6:06:56 A. M. com.mongodb.diagnostics.logging.JULLogger log
INFO: Closed connection [connectionId{localValue:34}] to localhost:27017 because the pool has been closed.
nov 11, 2024 6:06:56 A. M. conexion.Conexion cerrarConexion
INFO: Se ha cerrado la conexión con el servidor.
nov 11, 2024 6:06:56 A. M. com.mongodb.diagnostics.logging.JULLogger log
INFO: Cluster created with settings {hosts=[localhost:27017], mode=SINGLE, requiredClusterType=UNKNOWN, serverSelectionTimeout='30000 ms', maxWaitQueueSize=500}
nov 11, 2024 6:06:56 A. M. conexion.Conexion crearConexion
INFO: Se ha establecido la conexión con el servidor.
nov 11, 2024 6:06:56 A. M. com.mongodb.diagnostics.logging.JULLogger log
INFO: Cluster description not yet available. Waiting for 30000 ms before timing out
nov 11, 2024 6:06:56 A. M. com.mongodb.diagnostics.logging.JULLogger log
INFO: Opened connection [connectionId{localValue:35}] to localhost:27017
nov 11, 2024 6:06:56 A. M. com.mongodb.diagnostics.logging.JULLogger log
INFO: Monitor thread successfully connected to server with description ServerDescription{address=localhost:27017, type=STANDALONE, state=CONNECTED, ok=true, version=ServerVersion{versionList=[8, 0, 3]}, minWireVersion=0, maxWireVersion=25, maxDocumentSize=16777216, logicalSessionTimeoutMinutes=30, roundTripTimeNanos=223800}
nov 11, 2024 6:06:56 A. M. com.mongodb.diagnostics.logging.JULLogger log
INFO: Opened connection [connectionId{localValue:36}] to localhost:27017
nov 11, 2024 6:06:56 A. M. implementaciones.UsuarioDAO obtenerEmpleadoRfc
INFO: Se ha consultado la colección 'usuarios'.
nov 11, 2024 6:06:56 A. M. com.mongodb.diagnostics.logging.JULLogger log
INFO: Closed connection [connectionId{localValue:36}] to localhost:27017 because the pool has been closed.
nov 11, 2024 6:06:56 A. M. conexion.Conexion cerrarConexion
INFO: Se ha cerrado la conexión con el servidor.
nov 11, 2024 6:06:56 A. M. com.mongodb.diagnostics.logging.JULLogger log
INFO: Cluster created with settings {hosts=[localhost:27017], mode=SINGLE, requiredClusterType=UNKNOWN, serverSelectionTimeout='30000 ms', maxWaitQueueSize=500}
nov 11, 2024 6:06:56 A. M. conexion.Conexion crearConexion
INFO: Se ha establecido la conexión con el servidor.
nov 11, 2024 6:06:56 A. M. com.mongodb.diagnostics.logging.JULLogger log
INFO: Cluster description not yet available. Waiting for 30000 ms before timing out
nov 11, 2024 6:06:56 A. M. com.mongodb.diagnostics.logging.JULLogger log
INFO: Opened connection [connectionId{localValue:37}] to localhost:27017
nov 11, 2024 6:06:56 A. M. com.mongodb.diagnostics.logging.JULLogger log
INFO: Monitor thread successfully connected to server with description ServerDescription{address=localhost:27017, type=STANDALONE, state=CONNECTED, ok=true, version=ServerVersion{versionList=[8, 0, 3]}, minWireVersion=0, maxWireVersion=25, maxDocumentSize=16777216, logicalSessionTimeoutMinutes=30, roundTripTimeNanos=203600}
nov 11, 2024 6:06:56 A. M. com.mongodb.diagnostics.logging.JULLogger log
INFO: Opened connection [connectionId{localValue:38}] to localhost:27017
nov 11, 2024 6:06:56 A. M. implementaciones.UsuarioDAO agregarEmpleado
INFO: Se ha insertado un documento en la colección 'usuarios'.
nov 11, 2024 6:06:56 A. M. com.mongodb.diagnostics.logging.JULLogger log
INFO: Closed connection [connectionId{localValue:38}] to localhost:27017 because the pool has been closed.
nov 11, 2024 6:06:56 A. M. conexion.Conexion cerrarConexion
INFO: Se ha cerrado la conexión con el servidor.
nov 11, 2024 6:06:56 A. M. com.mongodb.diagnostics.logging.JULLogger log
INFO: Cluster created with settings {hosts=[localhost:27017], mode=SINGLE, requiredClusterType=UNKNOWN, serverSelectionTimeout='30000 ms', maxWaitQueueSize=500}
nov 11, 2024 6:06:56 A. M. conexion.Conexion crearConexion
INFO: Se ha establecido la conexión con el servidor.
nov 11, 2024 6:06:56 A. M. com.mongodb.diagnostics.logging.JULLogger log
INFO: Cluster description not yet available. Waiting for 30000 ms before timing out
nov 11, 2024 6:06:56 A. M. com.mongodb.diagnostics.logging.JULLogger log
INFO: Opened connection [connectionId{localValue:39}] to localhost:27017
nov 11, 2024 6:06:56 A. M. com.mongodb.diagnostics.logging.JULLogger log
INFO: Monitor thread successfully connected to server with description ServerDescription{address=localhost:27017, type=STANDALONE, state=CONNECTED, ok=true, version=ServerVersion{versionList=[8, 0, 3]}, minWireVersion=0, maxWireVersion=25, maxDocumentSize=16777216, logicalSessionTimeoutMinutes=30, roundTripTimeNanos=228000}
nov 11, 2024 6:06:56 A. M. com.mongodb.diagnostics.logging.JULLogger log
INFO: Opened connection [connectionId{localValue:40}] to localhost:27017
nov 11, 2024 6:06:56 A. M. implementaciones.UsuarioDAO obtenerUsuarioCorreo
INFO: Se ha consultado la colección 'usuarios'.
nov 11, 2024 6:06:56 A. M. com.mongodb.diagnostics.logging.JULLogger log
INFO: Closed connection [connectionId{localValue:40}] to localhost:27017 because the pool has been closed.
nov 11, 2024 6:06:56 A. M. conexion.Conexion cerrarConexion
INFO: Se ha cerrado la conexión con el servidor.
nov 11, 2024 6:06:56 A. M. com.mongodb.diagnostics.logging.JULLogger log
INFO: Cluster created with settings {hosts=[localhost:27017], mode=SINGLE, requiredClusterType=UNKNOWN, serverSelectionTimeout='30000 ms', maxWaitQueueSize=500}
nov 11, 2024 6:06:56 A. M. conexion.Conexion crearConexion
INFO: Se ha establecido la conexión con el servidor.
nov 11, 2024 6:06:56 A. M. com.mongodb.diagnostics.logging.JULLogger log
INFO: Cluster description not yet available. Waiting for 30000 ms before timing out
nov 11, 2024 6:06:56 A. M. com.mongodb.diagnostics.logging.JULLogger log
INFO: Opened connection [connectionId{localValue:41}] to localhost:27017
nov 11, 2024 6:06:56 A. M. com.mongodb.diagnostics.logging.JULLogger log
INFO: Monitor thread successfully connected to server with description ServerDescription{address=localhost:27017, type=STANDALONE, state=CONNECTED, ok=true, version=ServerVersion{versionList=[8, 0, 3]}, minWireVersion=0, maxWireVersion=25, maxDocumentSize=16777216, logicalSessionTimeoutMinutes=30, roundTripTimeNanos=281200}
nov 11, 2024 6:06:56 A. M. com.mongodb.diagnostics.logging.JULLogger log
INFO: Opened connection [connectionId{localValue:42}] to localhost:27017
nov 11, 2024 6:06:56 A. M. implementaciones.UsuarioDAO borrarUsuarios
INFO: Se han eliminado 1 registros de la colección 'usuarios'.
nov 11, 2024 6:06:56 A. M. com.mongodb.diagnostics.logging.JULLogger log
INFO: Closed connection [connectionId{localValue:42}] to localhost:27017 because the pool has been closed.
nov 11, 2024 6:06:56 A. M. conexion.Conexion cerrarConexion
INFO: Se ha cerrado la conexión con el servidor.
]]></system-err>
  </testcase>
  <testcase name="obtenerEmpleadoCurp_CurpInexistente_ReturnSuccess" classname="implementaciones.UsuarioDAOTest" time="0.017">
    <system-err><![CDATA[nov 11, 2024 6:06:56 A. M. com.mongodb.diagnostics.logging.JULLogger log
INFO: Cluster created with settings {hosts=[localhost:27017], mode=SINGLE, requiredClusterType=UNKNOWN, serverSelectionTimeout='30000 ms', maxWaitQueueSize=500}
nov 11, 2024 6:06:56 A. M. conexion.Conexion crearConexion
INFO: Se ha establecido la conexión con el servidor.
nov 11, 2024 6:06:56 A. M. com.mongodb.diagnostics.logging.JULLogger log
INFO: Cluster description not yet available. Waiting for 30000 ms before timing out
nov 11, 2024 6:06:56 A. M. com.mongodb.diagnostics.logging.JULLogger log
INFO: Opened connection [connectionId{localValue:43}] to localhost:27017
nov 11, 2024 6:06:56 A. M. com.mongodb.diagnostics.logging.JULLogger log
INFO: Monitor thread successfully connected to server with description ServerDescription{address=localhost:27017, type=STANDALONE, state=CONNECTED, ok=true, version=ServerVersion{versionList=[8, 0, 3]}, minWireVersion=0, maxWireVersion=25, maxDocumentSize=16777216, logicalSessionTimeoutMinutes=30, roundTripTimeNanos=231900}
nov 11, 2024 6:06:56 A. M. com.mongodb.diagnostics.logging.JULLogger log
INFO: Opened connection [connectionId{localValue:44}] to localhost:27017
nov 11, 2024 6:06:56 A. M. implementaciones.UsuarioDAO obtenerEmpleadoCurp
INFO: Se ha consultado la colección 'usuarios'.
nov 11, 2024 6:06:56 A. M. com.mongodb.diagnostics.logging.JULLogger log
INFO: Closed connection [connectionId{localValue:44}] to localhost:27017 because the pool has been closed.
nov 11, 2024 6:06:56 A. M. conexion.Conexion cerrarConexion
INFO: Se ha cerrado la conexión con el servidor.
nov 11, 2024 6:06:56 A. M. com.mongodb.diagnostics.logging.JULLogger log
INFO: Cluster created with settings {hosts=[localhost:27017], mode=SINGLE, requiredClusterType=UNKNOWN, serverSelectionTimeout='30000 ms', maxWaitQueueSize=500}
nov 11, 2024 6:06:56 A. M. conexion.Conexion crearConexion
INFO: Se ha establecido la conexión con el servidor.
nov 11, 2024 6:06:56 A. M. com.mongodb.diagnostics.logging.JULLogger log
INFO: Cluster description not yet available. Waiting for 30000 ms before timing out
nov 11, 2024 6:06:56 A. M. com.mongodb.diagnostics.logging.JULLogger log
INFO: Opened connection [connectionId{localValue:45}] to localhost:27017
nov 11, 2024 6:06:56 A. M. com.mongodb.diagnostics.logging.JULLogger log
INFO: Monitor thread successfully connected to server with description ServerDescription{address=localhost:27017, type=STANDALONE, state=CONNECTED, ok=true, version=ServerVersion{versionList=[8, 0, 3]}, minWireVersion=0, maxWireVersion=25, maxDocumentSize=16777216, logicalSessionTimeoutMinutes=30, roundTripTimeNanos=226500}
nov 11, 2024 6:06:56 A. M. com.mongodb.diagnostics.logging.JULLogger log
INFO: Opened connection [connectionId{localValue:46}] to localhost:27017
nov 11, 2024 6:06:56 A. M. implementaciones.UsuarioDAO borrarUsuarios
INFO: Se han eliminado 0 registros de la colección 'usuarios'.
nov 11, 2024 6:06:56 A. M. com.mongodb.diagnostics.logging.JULLogger log
INFO: Closed connection [connectionId{localValue:46}] to localhost:27017 because the pool has been closed.
nov 11, 2024 6:06:56 A. M. conexion.Conexion cerrarConexion
INFO: Se ha cerrado la conexión con el servidor.
]]></system-err>
  </testcase>
  <testcase name="agregarEmpleado_EmpleadoCorreoExistente_ThrowException" classname="implementaciones.UsuarioDAOTest" time="0.051">
    <system-err><![CDATA[nov 11, 2024 6:06:56 A. M. com.mongodb.diagnostics.logging.JULLogger log
INFO: Cluster created with settings {hosts=[localhost:27017], mode=SINGLE, requiredClusterType=UNKNOWN, serverSelectionTimeout='30000 ms', maxWaitQueueSize=500}
nov 11, 2024 6:06:56 A. M. conexion.Conexion crearConexion
INFO: Se ha establecido la conexión con el servidor.
nov 11, 2024 6:06:56 A. M. com.mongodb.diagnostics.logging.JULLogger log
INFO: Cluster description not yet available. Waiting for 30000 ms before timing out
nov 11, 2024 6:06:56 A. M. com.mongodb.diagnostics.logging.JULLogger log
INFO: Opened connection [connectionId{localValue:47}] to localhost:27017
nov 11, 2024 6:06:56 A. M. com.mongodb.diagnostics.logging.JULLogger log
INFO: Monitor thread successfully connected to server with description ServerDescription{address=localhost:27017, type=STANDALONE, state=CONNECTED, ok=true, version=ServerVersion{versionList=[8, 0, 3]}, minWireVersion=0, maxWireVersion=25, maxDocumentSize=16777216, logicalSessionTimeoutMinutes=30, roundTripTimeNanos=315600}
nov 11, 2024 6:06:56 A. M. com.mongodb.diagnostics.logging.JULLogger log
INFO: Opened connection [connectionId{localValue:48}] to localhost:27017
nov 11, 2024 6:06:56 A. M. implementaciones.UsuarioDAO obtenerUsuarioCorreo
INFO: Se ha consultado la colección 'usuarios'.
nov 11, 2024 6:06:56 A. M. com.mongodb.diagnostics.logging.JULLogger log
INFO: Closed connection [connectionId{localValue:48}] to localhost:27017 because the pool has been closed.
nov 11, 2024 6:06:56 A. M. conexion.Conexion cerrarConexion
INFO: Se ha cerrado la conexión con el servidor.
nov 11, 2024 6:06:56 A. M. com.mongodb.diagnostics.logging.JULLogger log
INFO: Cluster created with settings {hosts=[localhost:27017], mode=SINGLE, requiredClusterType=UNKNOWN, serverSelectionTimeout='30000 ms', maxWaitQueueSize=500}
nov 11, 2024 6:06:56 A. M. conexion.Conexion crearConexion
INFO: Se ha establecido la conexión con el servidor.
nov 11, 2024 6:06:56 A. M. com.mongodb.diagnostics.logging.JULLogger log
INFO: Cluster description not yet available. Waiting for 30000 ms before timing out
nov 11, 2024 6:06:56 A. M. com.mongodb.diagnostics.logging.JULLogger log
INFO: Opened connection [connectionId{localValue:49}] to localhost:27017
nov 11, 2024 6:06:56 A. M. com.mongodb.diagnostics.logging.JULLogger log
INFO: Monitor thread successfully connected to server with description ServerDescription{address=localhost:27017, type=STANDALONE, state=CONNECTED, ok=true, version=ServerVersion{versionList=[8, 0, 3]}, minWireVersion=0, maxWireVersion=25, maxDocumentSize=16777216, logicalSessionTimeoutMinutes=30, roundTripTimeNanos=186100}
nov 11, 2024 6:06:56 A. M. com.mongodb.diagnostics.logging.JULLogger log
INFO: Opened connection [connectionId{localValue:50}] to localhost:27017
nov 11, 2024 6:06:56 A. M. implementaciones.UsuarioDAO obtenerEmpleadoCurp
INFO: Se ha consultado la colección 'usuarios'.
nov 11, 2024 6:06:56 A. M. com.mongodb.diagnostics.logging.JULLogger log
INFO: Closed connection [connectionId{localValue:50}] to localhost:27017 because the pool has been closed.
nov 11, 2024 6:06:56 A. M. conexion.Conexion cerrarConexion
INFO: Se ha cerrado la conexión con el servidor.
nov 11, 2024 6:06:56 A. M. com.mongodb.diagnostics.logging.JULLogger log
INFO: Cluster created with settings {hosts=[localhost:27017], mode=SINGLE, requiredClusterType=UNKNOWN, serverSelectionTimeout='30000 ms', maxWaitQueueSize=500}
nov 11, 2024 6:06:56 A. M. conexion.Conexion crearConexion
INFO: Se ha establecido la conexión con el servidor.
nov 11, 2024 6:06:56 A. M. com.mongodb.diagnostics.logging.JULLogger log
INFO: Cluster description not yet available. Waiting for 30000 ms before timing out
nov 11, 2024 6:06:56 A. M. com.mongodb.diagnostics.logging.JULLogger log
INFO: Opened connection [connectionId{localValue:51}] to localhost:27017
nov 11, 2024 6:06:56 A. M. com.mongodb.diagnostics.logging.JULLogger log
INFO: Monitor thread successfully connected to server with description ServerDescription{address=localhost:27017, type=STANDALONE, state=CONNECTED, ok=true, version=ServerVersion{versionList=[8, 0, 3]}, minWireVersion=0, maxWireVersion=25, maxDocumentSize=16777216, logicalSessionTimeoutMinutes=30, roundTripTimeNanos=211500}
nov 11, 2024 6:06:56 A. M. com.mongodb.diagnostics.logging.JULLogger log
INFO: Opened connection [connectionId{localValue:52}] to localhost:27017
nov 11, 2024 6:06:56 A. M. implementaciones.UsuarioDAO obtenerEmpleadoRfc
INFO: Se ha consultado la colección 'usuarios'.
nov 11, 2024 6:06:56 A. M. com.mongodb.diagnostics.logging.JULLogger log
INFO: Closed connection [connectionId{localValue:52}] to localhost:27017 because the pool has been closed.
nov 11, 2024 6:06:56 A. M. conexion.Conexion cerrarConexion
INFO: Se ha cerrado la conexión con el servidor.
nov 11, 2024 6:06:56 A. M. com.mongodb.diagnostics.logging.JULLogger log
INFO: Cluster created with settings {hosts=[localhost:27017], mode=SINGLE, requiredClusterType=UNKNOWN, serverSelectionTimeout='30000 ms', maxWaitQueueSize=500}
nov 11, 2024 6:06:56 A. M. conexion.Conexion crearConexion
INFO: Se ha establecido la conexión con el servidor.
nov 11, 2024 6:06:56 A. M. com.mongodb.diagnostics.logging.JULLogger log
INFO: Cluster description not yet available. Waiting for 30000 ms before timing out
nov 11, 2024 6:06:56 A. M. com.mongodb.diagnostics.logging.JULLogger log
INFO: Opened connection [connectionId{localValue:53}] to localhost:27017
nov 11, 2024 6:06:56 A. M. com.mongodb.diagnostics.logging.JULLogger log
INFO: Monitor thread successfully connected to server with description ServerDescription{address=localhost:27017, type=STANDALONE, state=CONNECTED, ok=true, version=ServerVersion{versionList=[8, 0, 3]}, minWireVersion=0, maxWireVersion=25, maxDocumentSize=16777216, logicalSessionTimeoutMinutes=30, roundTripTimeNanos=206100}
nov 11, 2024 6:06:56 A. M. com.mongodb.diagnostics.logging.JULLogger log
INFO: Opened connection [connectionId{localValue:54}] to localhost:27017
nov 11, 2024 6:06:56 A. M. implementaciones.UsuarioDAO agregarEmpleado
INFO: Se ha insertado un documento en la colección 'usuarios'.
nov 11, 2024 6:06:56 A. M. com.mongodb.diagnostics.logging.JULLogger log
INFO: Closed connection [connectionId{localValue:54}] to localhost:27017 because the pool has been closed.
nov 11, 2024 6:06:56 A. M. conexion.Conexion cerrarConexion
INFO: Se ha cerrado la conexión con el servidor.
nov 11, 2024 6:06:56 A. M. com.mongodb.diagnostics.logging.JULLogger log
INFO: Cluster created with settings {hosts=[localhost:27017], mode=SINGLE, requiredClusterType=UNKNOWN, serverSelectionTimeout='30000 ms', maxWaitQueueSize=500}
nov 11, 2024 6:06:56 A. M. conexion.Conexion crearConexion
INFO: Se ha establecido la conexión con el servidor.
nov 11, 2024 6:06:56 A. M. com.mongodb.diagnostics.logging.JULLogger log
INFO: Cluster description not yet available. Waiting for 30000 ms before timing out
nov 11, 2024 6:06:56 A. M. com.mongodb.diagnostics.logging.JULLogger log
INFO: Opened connection [connectionId{localValue:55}] to localhost:27017
nov 11, 2024 6:06:56 A. M. com.mongodb.diagnostics.logging.JULLogger log
INFO: Monitor thread successfully connected to server with description ServerDescription{address=localhost:27017, type=STANDALONE, state=CONNECTED, ok=true, version=ServerVersion{versionList=[8, 0, 3]}, minWireVersion=0, maxWireVersion=25, maxDocumentSize=16777216, logicalSessionTimeoutMinutes=30, roundTripTimeNanos=183300}
nov 11, 2024 6:06:56 A. M. com.mongodb.diagnostics.logging.JULLogger log
INFO: Opened connection [connectionId{localValue:56}] to localhost:27017
nov 11, 2024 6:06:56 A. M. implementaciones.UsuarioDAO obtenerUsuarioCorreo
INFO: Se ha consultado la colección 'usuarios'.
nov 11, 2024 6:06:56 A. M. com.mongodb.diagnostics.logging.JULLogger log
INFO: Closed connection [connectionId{localValue:56}] to localhost:27017 because the pool has been closed.
nov 11, 2024 6:06:56 A. M. conexion.Conexion cerrarConexion
INFO: Se ha cerrado la conexión con el servidor.
nov 11, 2024 6:06:56 A. M. com.mongodb.diagnostics.logging.JULLogger log
INFO: Cluster created with settings {hosts=[localhost:27017], mode=SINGLE, requiredClusterType=UNKNOWN, serverSelectionTimeout='30000 ms', maxWaitQueueSize=500}
nov 11, 2024 6:06:56 A. M. conexion.Conexion crearConexion
INFO: Se ha establecido la conexión con el servidor.
nov 11, 2024 6:06:56 A. M. com.mongodb.diagnostics.logging.JULLogger log
INFO: Cluster description not yet available. Waiting for 30000 ms before timing out
nov 11, 2024 6:06:56 A. M. com.mongodb.diagnostics.logging.JULLogger log
INFO: Opened connection [connectionId{localValue:57}] to localhost:27017
nov 11, 2024 6:06:56 A. M. com.mongodb.diagnostics.logging.JULLogger log
INFO: Monitor thread successfully connected to server with description ServerDescription{address=localhost:27017, type=STANDALONE, state=CONNECTED, ok=true, version=ServerVersion{versionList=[8, 0, 3]}, minWireVersion=0, maxWireVersion=25, maxDocumentSize=16777216, logicalSessionTimeoutMinutes=30, roundTripTimeNanos=304100}
nov 11, 2024 6:06:56 A. M. com.mongodb.diagnostics.logging.JULLogger log
INFO: Opened connection [connectionId{localValue:58}] to localhost:27017
nov 11, 2024 6:06:56 A. M. implementaciones.UsuarioDAO obtenerUsuarioCorreo
INFO: Se ha consultado la colección 'usuarios'.
nov 11, 2024 6:06:56 A. M. com.mongodb.diagnostics.logging.JULLogger log
INFO: Closed connection [connectionId{localValue:58}] to localhost:27017 because the pool has been closed.
nov 11, 2024 6:06:56 A. M. conexion.Conexion cerrarConexion
INFO: Se ha cerrado la conexión con el servidor.
nov 11, 2024 6:06:56 A. M. com.mongodb.diagnostics.logging.JULLogger log
INFO: Cluster created with settings {hosts=[localhost:27017], mode=SINGLE, requiredClusterType=UNKNOWN, serverSelectionTimeout='30000 ms', maxWaitQueueSize=500}
nov 11, 2024 6:06:56 A. M. conexion.Conexion crearConexion
INFO: Se ha establecido la conexión con el servidor.
nov 11, 2024 6:06:56 A. M. com.mongodb.diagnostics.logging.JULLogger log
INFO: Cluster description not yet available. Waiting for 30000 ms before timing out
nov 11, 2024 6:06:56 A. M. com.mongodb.diagnostics.logging.JULLogger log
INFO: Opened connection [connectionId{localValue:59}] to localhost:27017
nov 11, 2024 6:06:56 A. M. com.mongodb.diagnostics.logging.JULLogger log
INFO: Monitor thread successfully connected to server with description ServerDescription{address=localhost:27017, type=STANDALONE, state=CONNECTED, ok=true, version=ServerVersion{versionList=[8, 0, 3]}, minWireVersion=0, maxWireVersion=25, maxDocumentSize=16777216, logicalSessionTimeoutMinutes=30, roundTripTimeNanos=210000}
nov 11, 2024 6:06:56 A. M. com.mongodb.diagnostics.logging.JULLogger log
INFO: Opened connection [connectionId{localValue:60}] to localhost:27017
nov 11, 2024 6:06:56 A. M. implementaciones.UsuarioDAO borrarUsuarios
INFO: Se han eliminado 1 registros de la colección 'usuarios'.
nov 11, 2024 6:06:56 A. M. com.mongodb.diagnostics.logging.JULLogger log
INFO: Closed connection [connectionId{localValue:60}] to localhost:27017 because the pool has been closed.
nov 11, 2024 6:06:56 A. M. conexion.Conexion cerrarConexion
INFO: Se ha cerrado la conexión con el servidor.
]]></system-err>
  </testcase>
  <testcase name="obtenerEmpleadoRfc_RfcExistente_ReturnSuccess" classname="implementaciones.UsuarioDAOTest" time="0.06">
    <system-err><![CDATA[nov 11, 2024 6:06:56 A. M. com.mongodb.diagnostics.logging.JULLogger log
INFO: Cluster created with settings {hosts=[localhost:27017], mode=SINGLE, requiredClusterType=UNKNOWN, serverSelectionTimeout='30000 ms', maxWaitQueueSize=500}
nov 11, 2024 6:06:56 A. M. conexion.Conexion crearConexion
INFO: Se ha establecido la conexión con el servidor.
nov 11, 2024 6:06:56 A. M. com.mongodb.diagnostics.logging.JULLogger log
INFO: Cluster description not yet available. Waiting for 30000 ms before timing out
nov 11, 2024 6:06:56 A. M. com.mongodb.diagnostics.logging.JULLogger log
INFO: Opened connection [connectionId{localValue:61}] to localhost:27017
nov 11, 2024 6:06:56 A. M. com.mongodb.diagnostics.logging.JULLogger log
INFO: Monitor thread successfully connected to server with description ServerDescription{address=localhost:27017, type=STANDALONE, state=CONNECTED, ok=true, version=ServerVersion{versionList=[8, 0, 3]}, minWireVersion=0, maxWireVersion=25, maxDocumentSize=16777216, logicalSessionTimeoutMinutes=30, roundTripTimeNanos=338900}
nov 11, 2024 6:06:56 A. M. com.mongodb.diagnostics.logging.JULLogger log
INFO: Opened connection [connectionId{localValue:62}] to localhost:27017
nov 11, 2024 6:06:56 A. M. implementaciones.UsuarioDAO obtenerUsuarioCorreo
INFO: Se ha consultado la colección 'usuarios'.
nov 11, 2024 6:06:56 A. M. com.mongodb.diagnostics.logging.JULLogger log
INFO: Closed connection [connectionId{localValue:62}] to localhost:27017 because the pool has been closed.
nov 11, 2024 6:06:56 A. M. conexion.Conexion cerrarConexion
INFO: Se ha cerrado la conexión con el servidor.
nov 11, 2024 6:06:56 A. M. com.mongodb.diagnostics.logging.JULLogger log
INFO: Cluster created with settings {hosts=[localhost:27017], mode=SINGLE, requiredClusterType=UNKNOWN, serverSelectionTimeout='30000 ms', maxWaitQueueSize=500}
nov 11, 2024 6:06:56 A. M. conexion.Conexion crearConexion
INFO: Se ha establecido la conexión con el servidor.
nov 11, 2024 6:06:56 A. M. com.mongodb.diagnostics.logging.JULLogger log
INFO: Cluster description not yet available. Waiting for 30000 ms before timing out
nov 11, 2024 6:06:56 A. M. com.mongodb.diagnostics.logging.JULLogger log
INFO: Opened connection [connectionId{localValue:63}] to localhost:27017
nov 11, 2024 6:06:56 A. M. com.mongodb.diagnostics.logging.JULLogger log
INFO: Monitor thread successfully connected to server with description ServerDescription{address=localhost:27017, type=STANDALONE, state=CONNECTED, ok=true, version=ServerVersion{versionList=[8, 0, 3]}, minWireVersion=0, maxWireVersion=25, maxDocumentSize=16777216, logicalSessionTimeoutMinutes=30, roundTripTimeNanos=332400}
nov 11, 2024 6:06:56 A. M. com.mongodb.diagnostics.logging.JULLogger log
INFO: Opened connection [connectionId{localValue:64}] to localhost:27017
nov 11, 2024 6:06:56 A. M. implementaciones.UsuarioDAO obtenerEmpleadoCurp
INFO: Se ha consultado la colección 'usuarios'.
nov 11, 2024 6:06:56 A. M. com.mongodb.diagnostics.logging.JULLogger log
INFO: Closed connection [connectionId{localValue:64}] to localhost:27017 because the pool has been closed.
nov 11, 2024 6:06:56 A. M. conexion.Conexion cerrarConexion
INFO: Se ha cerrado la conexión con el servidor.
nov 11, 2024 6:06:56 A. M. com.mongodb.diagnostics.logging.JULLogger log
INFO: Cluster created with settings {hosts=[localhost:27017], mode=SINGLE, requiredClusterType=UNKNOWN, serverSelectionTimeout='30000 ms', maxWaitQueueSize=500}
nov 11, 2024 6:06:56 A. M. conexion.Conexion crearConexion
INFO: Se ha establecido la conexión con el servidor.
nov 11, 2024 6:06:56 A. M. com.mongodb.diagnostics.logging.JULLogger log
INFO: Cluster description not yet available. Waiting for 30000 ms before timing out
nov 11, 2024 6:06:56 A. M. com.mongodb.diagnostics.logging.JULLogger log
INFO: Opened connection [connectionId{localValue:65}] to localhost:27017
nov 11, 2024 6:06:56 A. M. com.mongodb.diagnostics.logging.JULLogger log
INFO: Monitor thread successfully connected to server with description ServerDescription{address=localhost:27017, type=STANDALONE, state=CONNECTED, ok=true, version=ServerVersion{versionList=[8, 0, 3]}, minWireVersion=0, maxWireVersion=25, maxDocumentSize=16777216, logicalSessionTimeoutMinutes=30, roundTripTimeNanos=260100}
nov 11, 2024 6:06:56 A. M. com.mongodb.diagnostics.logging.JULLogger log
INFO: Opened connection [connectionId{localValue:66}] to localhost:27017
nov 11, 2024 6:06:56 A. M. implementaciones.UsuarioDAO obtenerEmpleadoRfc
INFO: Se ha consultado la colección 'usuarios'.
nov 11, 2024 6:06:56 A. M. com.mongodb.diagnostics.logging.JULLogger log
INFO: Closed connection [connectionId{localValue:66}] to localhost:27017 because the pool has been closed.
nov 11, 2024 6:06:56 A. M. conexion.Conexion cerrarConexion
INFO: Se ha cerrado la conexión con el servidor.
nov 11, 2024 6:06:56 A. M. com.mongodb.diagnostics.logging.JULLogger log
INFO: Cluster created with settings {hosts=[localhost:27017], mode=SINGLE, requiredClusterType=UNKNOWN, serverSelectionTimeout='30000 ms', maxWaitQueueSize=500}
nov 11, 2024 6:06:56 A. M. conexion.Conexion crearConexion
INFO: Se ha establecido la conexión con el servidor.
nov 11, 2024 6:06:56 A. M. com.mongodb.diagnostics.logging.JULLogger log
INFO: Cluster description not yet available. Waiting for 30000 ms before timing out
nov 11, 2024 6:06:56 A. M. com.mongodb.diagnostics.logging.JULLogger log
INFO: Opened connection [connectionId{localValue:67}] to localhost:27017
nov 11, 2024 6:06:56 A. M. com.mongodb.diagnostics.logging.JULLogger log
INFO: Monitor thread successfully connected to server with description ServerDescription{address=localhost:27017, type=STANDALONE, state=CONNECTED, ok=true, version=ServerVersion{versionList=[8, 0, 3]}, minWireVersion=0, maxWireVersion=25, maxDocumentSize=16777216, logicalSessionTimeoutMinutes=30, roundTripTimeNanos=272700}
nov 11, 2024 6:06:56 A. M. com.mongodb.diagnostics.logging.JULLogger log
INFO: Opened connection [connectionId{localValue:68}] to localhost:27017
nov 11, 2024 6:06:56 A. M. implementaciones.UsuarioDAO agregarEmpleado
INFO: Se ha insertado un documento en la colección 'usuarios'.
nov 11, 2024 6:06:56 A. M. com.mongodb.diagnostics.logging.JULLogger log
INFO: Closed connection [connectionId{localValue:68}] to localhost:27017 because the pool has been closed.
nov 11, 2024 6:06:56 A. M. conexion.Conexion cerrarConexion
INFO: Se ha cerrado la conexión con el servidor.
nov 11, 2024 6:06:56 A. M. com.mongodb.diagnostics.logging.JULLogger log
INFO: Cluster created with settings {hosts=[localhost:27017], mode=SINGLE, requiredClusterType=UNKNOWN, serverSelectionTimeout='30000 ms', maxWaitQueueSize=500}
nov 11, 2024 6:06:56 A. M. conexion.Conexion crearConexion
INFO: Se ha establecido la conexión con el servidor.
nov 11, 2024 6:06:56 A. M. com.mongodb.diagnostics.logging.JULLogger log
INFO: Cluster description not yet available. Waiting for 30000 ms before timing out
nov 11, 2024 6:06:56 A. M. com.mongodb.diagnostics.logging.JULLogger log
INFO: Opened connection [connectionId{localValue:69}] to localhost:27017
nov 11, 2024 6:06:56 A. M. com.mongodb.diagnostics.logging.JULLogger log
INFO: Monitor thread successfully connected to server with description ServerDescription{address=localhost:27017, type=STANDALONE, state=CONNECTED, ok=true, version=ServerVersion{versionList=[8, 0, 3]}, minWireVersion=0, maxWireVersion=25, maxDocumentSize=16777216, logicalSessionTimeoutMinutes=30, roundTripTimeNanos=293700}
nov 11, 2024 6:06:56 A. M. com.mongodb.diagnostics.logging.JULLogger log
INFO: Opened connection [connectionId{localValue:70}] to localhost:27017
nov 11, 2024 6:06:56 A. M. implementaciones.UsuarioDAO obtenerUsuarioCorreo
INFO: Se ha consultado la colección 'usuarios'.
nov 11, 2024 6:06:56 A. M. com.mongodb.diagnostics.logging.JULLogger log
INFO: Closed connection [connectionId{localValue:70}] to localhost:27017 because the pool has been closed.
nov 11, 2024 6:06:56 A. M. conexion.Conexion cerrarConexion
INFO: Se ha cerrado la conexión con el servidor.
nov 11, 2024 6:06:56 A. M. com.mongodb.diagnostics.logging.JULLogger log
INFO: Cluster created with settings {hosts=[localhost:27017], mode=SINGLE, requiredClusterType=UNKNOWN, serverSelectionTimeout='30000 ms', maxWaitQueueSize=500}
nov 11, 2024 6:06:56 A. M. conexion.Conexion crearConexion
INFO: Se ha establecido la conexión con el servidor.
nov 11, 2024 6:06:56 A. M. com.mongodb.diagnostics.logging.JULLogger log
INFO: Cluster description not yet available. Waiting for 30000 ms before timing out
nov 11, 2024 6:06:56 A. M. com.mongodb.diagnostics.logging.JULLogger log
INFO: Opened connection [connectionId{localValue:71}] to localhost:27017
nov 11, 2024 6:06:56 A. M. com.mongodb.diagnostics.logging.JULLogger log
INFO: Monitor thread successfully connected to server with description ServerDescription{address=localhost:27017, type=STANDALONE, state=CONNECTED, ok=true, version=ServerVersion{versionList=[8, 0, 3]}, minWireVersion=0, maxWireVersion=25, maxDocumentSize=16777216, logicalSessionTimeoutMinutes=30, roundTripTimeNanos=254900}
nov 11, 2024 6:06:56 A. M. com.mongodb.diagnostics.logging.JULLogger log
INFO: Opened connection [connectionId{localValue:72}] to localhost:27017
nov 11, 2024 6:06:56 A. M. implementaciones.UsuarioDAO obtenerEmpleadoRfc
INFO: Se ha consultado la colección 'usuarios'.
nov 11, 2024 6:06:56 A. M. com.mongodb.diagnostics.logging.JULLogger log
INFO: Closed connection [connectionId{localValue:72}] to localhost:27017 because the pool has been closed.
nov 11, 2024 6:06:56 A. M. conexion.Conexion cerrarConexion
INFO: Se ha cerrado la conexión con el servidor.
nov 11, 2024 6:06:56 A. M. com.mongodb.diagnostics.logging.JULLogger log
INFO: Cluster created with settings {hosts=[localhost:27017], mode=SINGLE, requiredClusterType=UNKNOWN, serverSelectionTimeout='30000 ms', maxWaitQueueSize=500}
nov 11, 2024 6:06:56 A. M. conexion.Conexion crearConexion
INFO: Se ha establecido la conexión con el servidor.
nov 11, 2024 6:06:56 A. M. com.mongodb.diagnostics.logging.JULLogger log
INFO: Cluster description not yet available. Waiting for 30000 ms before timing out
nov 11, 2024 6:06:56 A. M. com.mongodb.diagnostics.logging.JULLogger log
INFO: Opened connection [connectionId{localValue:73}] to localhost:27017
nov 11, 2024 6:06:56 A. M. com.mongodb.diagnostics.logging.JULLogger log
INFO: Monitor thread successfully connected to server with description ServerDescription{address=localhost:27017, type=STANDALONE, state=CONNECTED, ok=true, version=ServerVersion{versionList=[8, 0, 3]}, minWireVersion=0, maxWireVersion=25, maxDocumentSize=16777216, logicalSessionTimeoutMinutes=30, roundTripTimeNanos=344500}
nov 11, 2024 6:06:56 A. M. com.mongodb.diagnostics.logging.JULLogger log
INFO: Opened connection [connectionId{localValue:74}] to localhost:27017
nov 11, 2024 6:06:56 A. M. implementaciones.UsuarioDAO borrarUsuarios
INFO: Se han eliminado 1 registros de la colección 'usuarios'.
nov 11, 2024 6:06:56 A. M. com.mongodb.diagnostics.logging.JULLogger log
INFO: Closed connection [connectionId{localValue:74}] to localhost:27017 because the pool has been closed.
nov 11, 2024 6:06:56 A. M. conexion.Conexion cerrarConexion
INFO: Se ha cerrado la conexión con el servidor.
]]></system-err>
  </testcase>
  <testcase name="agregarCliente_ClienteValido_ReturnSuccess" classname="implementaciones.UsuarioDAOTest" time="0.032">
    <system-err><![CDATA[nov 11, 2024 6:06:56 A. M. com.mongodb.diagnostics.logging.JULLogger log
INFO: Cluster created with settings {hosts=[localhost:27017], mode=SINGLE, requiredClusterType=UNKNOWN, serverSelectionTimeout='30000 ms', maxWaitQueueSize=500}
nov 11, 2024 6:06:56 A. M. conexion.Conexion crearConexion
INFO: Se ha establecido la conexión con el servidor.
nov 11, 2024 6:06:56 A. M. com.mongodb.diagnostics.logging.JULLogger log
INFO: Cluster description not yet available. Waiting for 30000 ms before timing out
nov 11, 2024 6:06:56 A. M. com.mongodb.diagnostics.logging.JULLogger log
INFO: Opened connection [connectionId{localValue:75}] to localhost:27017
nov 11, 2024 6:06:56 A. M. com.mongodb.diagnostics.logging.JULLogger log
INFO: Monitor thread successfully connected to server with description ServerDescription{address=localhost:27017, type=STANDALONE, state=CONNECTED, ok=true, version=ServerVersion{versionList=[8, 0, 3]}, minWireVersion=0, maxWireVersion=25, maxDocumentSize=16777216, logicalSessionTimeoutMinutes=30, roundTripTimeNanos=227900}
nov 11, 2024 6:06:56 A. M. com.mongodb.diagnostics.logging.JULLogger log
INFO: Opened connection [connectionId{localValue:76}] to localhost:27017
nov 11, 2024 6:06:56 A. M. implementaciones.UsuarioDAO obtenerUsuarioCorreo
INFO: Se ha consultado la colección 'usuarios'.
nov 11, 2024 6:06:56 A. M. com.mongodb.diagnostics.logging.JULLogger log
INFO: Closed connection [connectionId{localValue:76}] to localhost:27017 because the pool has been closed.
nov 11, 2024 6:06:56 A. M. conexion.Conexion cerrarConexion
INFO: Se ha cerrado la conexión con el servidor.
nov 11, 2024 6:06:56 A. M. com.mongodb.diagnostics.logging.JULLogger log
INFO: Cluster created with settings {hosts=[localhost:27017], mode=SINGLE, requiredClusterType=UNKNOWN, serverSelectionTimeout='30000 ms', maxWaitQueueSize=500}
nov 11, 2024 6:06:56 A. M. conexion.Conexion crearConexion
INFO: Se ha establecido la conexión con el servidor.
nov 11, 2024 6:06:56 A. M. com.mongodb.diagnostics.logging.JULLogger log
INFO: Cluster description not yet available. Waiting for 30000 ms before timing out
nov 11, 2024 6:06:56 A. M. com.mongodb.diagnostics.logging.JULLogger log
INFO: Opened connection [connectionId{localValue:77}] to localhost:27017
nov 11, 2024 6:06:56 A. M. com.mongodb.diagnostics.logging.JULLogger log
INFO: Monitor thread successfully connected to server with description ServerDescription{address=localhost:27017, type=STANDALONE, state=CONNECTED, ok=true, version=ServerVersion{versionList=[8, 0, 3]}, minWireVersion=0, maxWireVersion=25, maxDocumentSize=16777216, logicalSessionTimeoutMinutes=30, roundTripTimeNanos=234500}
nov 11, 2024 6:06:56 A. M. com.mongodb.diagnostics.logging.JULLogger log
INFO: Opened connection [connectionId{localValue:78}] to localhost:27017
nov 11, 2024 6:06:56 A. M. implementaciones.UsuarioDAO agregarCliente
INFO: Se ha insertado un documento en la colección 'usuarios'.
nov 11, 2024 6:06:56 A. M. com.mongodb.diagnostics.logging.JULLogger log
INFO: Closed connection [connectionId{localValue:78}] to localhost:27017 because the pool has been closed.
nov 11, 2024 6:06:56 A. M. conexion.Conexion cerrarConexion
INFO: Se ha cerrado la conexión con el servidor.
nov 11, 2024 6:06:56 A. M. com.mongodb.diagnostics.logging.JULLogger log
INFO: Cluster created with settings {hosts=[localhost:27017], mode=SINGLE, requiredClusterType=UNKNOWN, serverSelectionTimeout='30000 ms', maxWaitQueueSize=500}
nov 11, 2024 6:06:56 A. M. conexion.Conexion crearConexion
INFO: Se ha establecido la conexión con el servidor.
nov 11, 2024 6:06:56 A. M. com.mongodb.diagnostics.logging.JULLogger log
INFO: Cluster description not yet available. Waiting for 30000 ms before timing out
nov 11, 2024 6:06:56 A. M. com.mongodb.diagnostics.logging.JULLogger log
INFO: Opened connection [connectionId{localValue:79}] to localhost:27017
nov 11, 2024 6:06:56 A. M. com.mongodb.diagnostics.logging.JULLogger log
INFO: Monitor thread successfully connected to server with description ServerDescription{address=localhost:27017, type=STANDALONE, state=CONNECTED, ok=true, version=ServerVersion{versionList=[8, 0, 3]}, minWireVersion=0, maxWireVersion=25, maxDocumentSize=16777216, logicalSessionTimeoutMinutes=30, roundTripTimeNanos=265400}
nov 11, 2024 6:06:56 A. M. com.mongodb.diagnostics.logging.JULLogger log
INFO: Opened connection [connectionId{localValue:80}] to localhost:27017
nov 11, 2024 6:06:56 A. M. implementaciones.UsuarioDAO obtenerUsuarioCorreo
INFO: Se ha consultado la colección 'usuarios'.
nov 11, 2024 6:06:56 A. M. com.mongodb.diagnostics.logging.JULLogger log
INFO: Closed connection [connectionId{localValue:80}] to localhost:27017 because the pool has been closed.
nov 11, 2024 6:06:56 A. M. conexion.Conexion cerrarConexion
INFO: Se ha cerrado la conexión con el servidor.
nov 11, 2024 6:06:56 A. M. com.mongodb.diagnostics.logging.JULLogger log
INFO: Cluster created with settings {hosts=[localhost:27017], mode=SINGLE, requiredClusterType=UNKNOWN, serverSelectionTimeout='30000 ms', maxWaitQueueSize=500}
nov 11, 2024 6:06:56 A. M. conexion.Conexion crearConexion
INFO: Se ha establecido la conexión con el servidor.
nov 11, 2024 6:06:56 A. M. com.mongodb.diagnostics.logging.JULLogger log
INFO: Cluster description not yet available. Waiting for 30000 ms before timing out
nov 11, 2024 6:06:56 A. M. com.mongodb.diagnostics.logging.JULLogger log
INFO: Opened connection [connectionId{localValue:81}] to localhost:27017
nov 11, 2024 6:06:56 A. M. com.mongodb.diagnostics.logging.JULLogger log
INFO: Monitor thread successfully connected to server with description ServerDescription{address=localhost:27017, type=STANDALONE, state=CONNECTED, ok=true, version=ServerVersion{versionList=[8, 0, 3]}, minWireVersion=0, maxWireVersion=25, maxDocumentSize=16777216, logicalSessionTimeoutMinutes=30, roundTripTimeNanos=294500}
nov 11, 2024 6:06:56 A. M. com.mongodb.diagnostics.logging.JULLogger log
INFO: Opened connection [connectionId{localValue:82}] to localhost:27017
nov 11, 2024 6:06:56 A. M. implementaciones.UsuarioDAO borrarUsuarios
INFO: Se han eliminado 1 registros de la colección 'usuarios'.
nov 11, 2024 6:06:56 A. M. com.mongodb.diagnostics.logging.JULLogger log
INFO: Closed connection [connectionId{localValue:82}] to localhost:27017 because the pool has been closed.
nov 11, 2024 6:06:56 A. M. conexion.Conexion cerrarConexion
INFO: Se ha cerrado la conexión con el servidor.
]]></system-err>
  </testcase>
  <testcase name="obtenerUsuarioCorreoContra_ValoresInexistentes_ReturnSuccess" classname="implementaciones.UsuarioDAOTest" time="0.039">
    <system-err><![CDATA[nov 11, 2024 6:06:56 A. M. com.mongodb.diagnostics.logging.JULLogger log
INFO: Cluster created with settings {hosts=[localhost:27017], mode=SINGLE, requiredClusterType=UNKNOWN, serverSelectionTimeout='30000 ms', maxWaitQueueSize=500}
nov 11, 2024 6:06:56 A. M. conexion.Conexion crearConexion
INFO: Se ha establecido la conexión con el servidor.
nov 11, 2024 6:06:56 A. M. com.mongodb.diagnostics.logging.JULLogger log
INFO: Cluster description not yet available. Waiting for 30000 ms before timing out
nov 11, 2024 6:06:56 A. M. com.mongodb.diagnostics.logging.JULLogger log
INFO: Opened connection [connectionId{localValue:83}] to localhost:27017
nov 11, 2024 6:06:56 A. M. com.mongodb.diagnostics.logging.JULLogger log
INFO: Monitor thread successfully connected to server with description ServerDescription{address=localhost:27017, type=STANDALONE, state=CONNECTED, ok=true, version=ServerVersion{versionList=[8, 0, 3]}, minWireVersion=0, maxWireVersion=25, maxDocumentSize=16777216, logicalSessionTimeoutMinutes=30, roundTripTimeNanos=261700}
nov 11, 2024 6:06:56 A. M. com.mongodb.diagnostics.logging.JULLogger log
INFO: Opened connection [connectionId{localValue:84}] to localhost:27017
nov 11, 2024 6:06:56 A. M. implementaciones.UsuarioDAO obtenerUsuarioCorreo
INFO: Se ha consultado la colección 'usuarios'.
nov 11, 2024 6:06:56 A. M. com.mongodb.diagnostics.logging.JULLogger log
INFO: Closed connection [connectionId{localValue:84}] to localhost:27017 because the pool has been closed.
nov 11, 2024 6:06:56 A. M. conexion.Conexion cerrarConexion
INFO: Se ha cerrado la conexión con el servidor.
nov 11, 2024 6:06:56 A. M. com.mongodb.diagnostics.logging.JULLogger log
INFO: Cluster created with settings {hosts=[localhost:27017], mode=SINGLE, requiredClusterType=UNKNOWN, serverSelectionTimeout='30000 ms', maxWaitQueueSize=500}
nov 11, 2024 6:06:56 A. M. conexion.Conexion crearConexion
INFO: Se ha establecido la conexión con el servidor.
nov 11, 2024 6:06:56 A. M. com.mongodb.diagnostics.logging.JULLogger log
INFO: Cluster description not yet available. Waiting for 30000 ms before timing out
nov 11, 2024 6:06:56 A. M. com.mongodb.diagnostics.logging.JULLogger log
INFO: Opened connection [connectionId{localValue:85}] to localhost:27017
nov 11, 2024 6:06:56 A. M. com.mongodb.diagnostics.logging.JULLogger log
INFO: Monitor thread successfully connected to server with description ServerDescription{address=localhost:27017, type=STANDALONE, state=CONNECTED, ok=true, version=ServerVersion{versionList=[8, 0, 3]}, minWireVersion=0, maxWireVersion=25, maxDocumentSize=16777216, logicalSessionTimeoutMinutes=30, roundTripTimeNanos=426900}
nov 11, 2024 6:06:56 A. M. com.mongodb.diagnostics.logging.JULLogger log
INFO: Opened connection [connectionId{localValue:86}] to localhost:27017
nov 11, 2024 6:06:56 A. M. implementaciones.UsuarioDAO agregarCliente
INFO: Se ha insertado un documento en la colección 'usuarios'.
nov 11, 2024 6:06:56 A. M. com.mongodb.diagnostics.logging.JULLogger log
INFO: Closed connection [connectionId{localValue:86}] to localhost:27017 because the pool has been closed.
nov 11, 2024 6:06:56 A. M. conexion.Conexion cerrarConexion
INFO: Se ha cerrado la conexión con el servidor.
nov 11, 2024 6:06:56 A. M. com.mongodb.diagnostics.logging.JULLogger log
INFO: Cluster created with settings {hosts=[localhost:27017], mode=SINGLE, requiredClusterType=UNKNOWN, serverSelectionTimeout='30000 ms', maxWaitQueueSize=500}
nov 11, 2024 6:06:56 A. M. conexion.Conexion crearConexion
INFO: Se ha establecido la conexión con el servidor.
nov 11, 2024 6:06:56 A. M. com.mongodb.diagnostics.logging.JULLogger log
INFO: Cluster description not yet available. Waiting for 30000 ms before timing out
nov 11, 2024 6:06:56 A. M. com.mongodb.diagnostics.logging.JULLogger log
INFO: Opened connection [connectionId{localValue:87}] to localhost:27017
nov 11, 2024 6:06:56 A. M. com.mongodb.diagnostics.logging.JULLogger log
INFO: Monitor thread successfully connected to server with description ServerDescription{address=localhost:27017, type=STANDALONE, state=CONNECTED, ok=true, version=ServerVersion{versionList=[8, 0, 3]}, minWireVersion=0, maxWireVersion=25, maxDocumentSize=16777216, logicalSessionTimeoutMinutes=30, roundTripTimeNanos=241400}
nov 11, 2024 6:06:56 A. M. com.mongodb.diagnostics.logging.JULLogger log
INFO: Opened connection [connectionId{localValue:88}] to localhost:27017
nov 11, 2024 6:06:56 A. M. implementaciones.UsuarioDAO obtenerUsuarioCorreo
INFO: Se ha consultado la colección 'usuarios'.
nov 11, 2024 6:06:56 A. M. com.mongodb.diagnostics.logging.JULLogger log
INFO: Closed connection [connectionId{localValue:88}] to localhost:27017 because the pool has been closed.
nov 11, 2024 6:06:56 A. M. conexion.Conexion cerrarConexion
INFO: Se ha cerrado la conexión con el servidor.
nov 11, 2024 6:06:56 A. M. com.mongodb.diagnostics.logging.JULLogger log
INFO: Cluster created with settings {hosts=[localhost:27017], mode=SINGLE, requiredClusterType=UNKNOWN, serverSelectionTimeout='30000 ms', maxWaitQueueSize=500}
nov 11, 2024 6:06:56 A. M. conexion.Conexion crearConexion
INFO: Se ha establecido la conexión con el servidor.
nov 11, 2024 6:06:56 A. M. com.mongodb.diagnostics.logging.JULLogger log
INFO: Cluster description not yet available. Waiting for 30000 ms before timing out
nov 11, 2024 6:06:56 A. M. com.mongodb.diagnostics.logging.JULLogger log
INFO: Opened connection [connectionId{localValue:89}] to localhost:27017
nov 11, 2024 6:06:56 A. M. com.mongodb.diagnostics.logging.JULLogger log
INFO: Monitor thread successfully connected to server with description ServerDescription{address=localhost:27017, type=STANDALONE, state=CONNECTED, ok=true, version=ServerVersion{versionList=[8, 0, 3]}, minWireVersion=0, maxWireVersion=25, maxDocumentSize=16777216, logicalSessionTimeoutMinutes=30, roundTripTimeNanos=194400}
nov 11, 2024 6:06:56 A. M. com.mongodb.diagnostics.logging.JULLogger log
INFO: Opened connection [connectionId{localValue:90}] to localhost:27017
nov 11, 2024 6:06:56 A. M. implementaciones.UsuarioDAO obtenerUsuarioCorreoContra
INFO: Se ha consultado la colección 'usuarios'.
nov 11, 2024 6:06:56 A. M. com.mongodb.diagnostics.logging.JULLogger log
INFO: Closed connection [connectionId{localValue:90}] to localhost:27017 because the pool has been closed.
nov 11, 2024 6:06:56 A. M. conexion.Conexion cerrarConexion
INFO: Se ha cerrado la conexión con el servidor.
nov 11, 2024 6:06:56 A. M. com.mongodb.diagnostics.logging.JULLogger log
INFO: Cluster created with settings {hosts=[localhost:27017], mode=SINGLE, requiredClusterType=UNKNOWN, serverSelectionTimeout='30000 ms', maxWaitQueueSize=500}
nov 11, 2024 6:06:56 A. M. conexion.Conexion crearConexion
INFO: Se ha establecido la conexión con el servidor.
nov 11, 2024 6:06:56 A. M. com.mongodb.diagnostics.logging.JULLogger log
INFO: Cluster description not yet available. Waiting for 30000 ms before timing out
nov 11, 2024 6:06:56 A. M. com.mongodb.diagnostics.logging.JULLogger log
INFO: Opened connection [connectionId{localValue:91}] to localhost:27017
nov 11, 2024 6:06:56 A. M. com.mongodb.diagnostics.logging.JULLogger log
INFO: Monitor thread successfully connected to server with description ServerDescription{address=localhost:27017, type=STANDALONE, state=CONNECTED, ok=true, version=ServerVersion{versionList=[8, 0, 3]}, minWireVersion=0, maxWireVersion=25, maxDocumentSize=16777216, logicalSessionTimeoutMinutes=30, roundTripTimeNanos=193300}
nov 11, 2024 6:06:56 A. M. com.mongodb.diagnostics.logging.JULLogger log
INFO: Opened connection [connectionId{localValue:92}] to localhost:27017
nov 11, 2024 6:06:56 A. M. implementaciones.UsuarioDAO borrarUsuarios
INFO: Se han eliminado 1 registros de la colección 'usuarios'.
nov 11, 2024 6:06:56 A. M. com.mongodb.diagnostics.logging.JULLogger log
INFO: Closed connection [connectionId{localValue:92}] to localhost:27017 because the pool has been closed.
nov 11, 2024 6:06:56 A. M. conexion.Conexion cerrarConexion
INFO: Se ha cerrado la conexión con el servidor.
]]></system-err>
  </testcase>
  <testcase name="agregarEmpleado_EmpleadoCurpExistente_ThrowException" classname="implementaciones.UsuarioDAOTest" time="0.057">
    <system-err><![CDATA[nov 11, 2024 6:06:56 A. M. com.mongodb.diagnostics.logging.JULLogger log
INFO: Cluster created with settings {hosts=[localhost:27017], mode=SINGLE, requiredClusterType=UNKNOWN, serverSelectionTimeout='30000 ms', maxWaitQueueSize=500}
nov 11, 2024 6:06:56 A. M. conexion.Conexion crearConexion
INFO: Se ha establecido la conexión con el servidor.
nov 11, 2024 6:06:56 A. M. com.mongodb.diagnostics.logging.JULLogger log
INFO: Cluster description not yet available. Waiting for 30000 ms before timing out
nov 11, 2024 6:06:56 A. M. com.mongodb.diagnostics.logging.JULLogger log
INFO: Opened connection [connectionId{localValue:93}] to localhost:27017
nov 11, 2024 6:06:56 A. M. com.mongodb.diagnostics.logging.JULLogger log
INFO: Monitor thread successfully connected to server with description ServerDescription{address=localhost:27017, type=STANDALONE, state=CONNECTED, ok=true, version=ServerVersion{versionList=[8, 0, 3]}, minWireVersion=0, maxWireVersion=25, maxDocumentSize=16777216, logicalSessionTimeoutMinutes=30, roundTripTimeNanos=271400}
nov 11, 2024 6:06:56 A. M. com.mongodb.diagnostics.logging.JULLogger log
INFO: Opened connection [connectionId{localValue:94}] to localhost:27017
nov 11, 2024 6:06:56 A. M. implementaciones.UsuarioDAO obtenerUsuarioCorreo
INFO: Se ha consultado la colección 'usuarios'.
nov 11, 2024 6:06:56 A. M. com.mongodb.diagnostics.logging.JULLogger log
INFO: Closed connection [connectionId{localValue:94}] to localhost:27017 because the pool has been closed.
nov 11, 2024 6:06:56 A. M. conexion.Conexion cerrarConexion
INFO: Se ha cerrado la conexión con el servidor.
nov 11, 2024 6:06:56 A. M. com.mongodb.diagnostics.logging.JULLogger log
INFO: Cluster created with settings {hosts=[localhost:27017], mode=SINGLE, requiredClusterType=UNKNOWN, serverSelectionTimeout='30000 ms', maxWaitQueueSize=500}
nov 11, 2024 6:06:56 A. M. conexion.Conexion crearConexion
INFO: Se ha establecido la conexión con el servidor.
nov 11, 2024 6:06:56 A. M. com.mongodb.diagnostics.logging.JULLogger log
INFO: Cluster description not yet available. Waiting for 30000 ms before timing out
nov 11, 2024 6:06:56 A. M. com.mongodb.diagnostics.logging.JULLogger log
INFO: Opened connection [connectionId{localValue:95}] to localhost:27017
nov 11, 2024 6:06:56 A. M. com.mongodb.diagnostics.logging.JULLogger log
INFO: Monitor thread successfully connected to server with description ServerDescription{address=localhost:27017, type=STANDALONE, state=CONNECTED, ok=true, version=ServerVersion{versionList=[8, 0, 3]}, minWireVersion=0, maxWireVersion=25, maxDocumentSize=16777216, logicalSessionTimeoutMinutes=30, roundTripTimeNanos=224900}
nov 11, 2024 6:06:56 A. M. com.mongodb.diagnostics.logging.JULLogger log
INFO: Opened connection [connectionId{localValue:96}] to localhost:27017
nov 11, 2024 6:06:56 A. M. implementaciones.UsuarioDAO obtenerEmpleadoCurp
INFO: Se ha consultado la colección 'usuarios'.
nov 11, 2024 6:06:56 A. M. com.mongodb.diagnostics.logging.JULLogger log
INFO: Closed connection [connectionId{localValue:96}] to localhost:27017 because the pool has been closed.
nov 11, 2024 6:06:56 A. M. conexion.Conexion cerrarConexion
INFO: Se ha cerrado la conexión con el servidor.
nov 11, 2024 6:06:56 A. M. com.mongodb.diagnostics.logging.JULLogger log
INFO: Cluster created with settings {hosts=[localhost:27017], mode=SINGLE, requiredClusterType=UNKNOWN, serverSelectionTimeout='30000 ms', maxWaitQueueSize=500}
nov 11, 2024 6:06:56 A. M. conexion.Conexion crearConexion
INFO: Se ha establecido la conexión con el servidor.
nov 11, 2024 6:06:56 A. M. com.mongodb.diagnostics.logging.JULLogger log
INFO: Cluster description not yet available. Waiting for 30000 ms before timing out
nov 11, 2024 6:06:56 A. M. com.mongodb.diagnostics.logging.JULLogger log
INFO: Opened connection [connectionId{localValue:97}] to localhost:27017
nov 11, 2024 6:06:56 A. M. com.mongodb.diagnostics.logging.JULLogger log
[...]
INFO: Closed connection [connectionId{localValue:174}] to localhost:27017 because the pool has been closed.
nov 11, 2024 6:06:56 A. M. conexion.Conexion cerrarConexion
INFO: Se ha cerrado la conexión con el servidor.
]]></system-err>
  </testcase>
  <testcase name="obtenerEmpleadoCurp_CurpExistente_ReturnSuccess" classname="implementaciones.UsuarioDAOTest" time="0.043">
    <system-err><![CDATA[nov 11, 2024 6:06:56 A. M. com.mongodb.diagnostics.logging.JULLogger log
INFO: Cluster created with settings {hosts=[localhost:27017], mode=SINGLE, requiredClusterType=UNKNOWN, serverSelectionTimeout='30000 ms', maxWaitQueueSize=500}
nov 11, 2024 6:06:56 A. M. conexion.Conexion crearConexion
INFO: Se ha establecido la conexión con el servidor.
nov 11, 2024 6:06:56 A. M. com.mongodb.diagnostics.logging.JULLogger log
INFO: Cluster description not yet available. Waiting for 30000 ms before timing out
nov 11, 2024 6:06:56 A. M. com.mongodb.diagnostics.logging.JULLogger log
INFO: Opened connection [connectionId{localValue:175}] to localhost:27017
nov 11, 2024 6:06:56 A. M. com.mongodb.diagnostics.logging.JULLogger log
INFO: Monitor thread successfully connected to server with description ServerDescription{address=localhost:27017, type=STANDALONE, state=CONNECTED, ok=true, version=ServerVersion{versionList=[8, 0, 3]}, minWireVersion=0, maxWireVersion=25, maxDocumentSize=16777216, logicalSessionTimeoutMinutes=30, roundTripTimeNanos=177100}
nov 11, 2024 6:06:56 A. M. com.mongodb.diagnostics.logging.JULLogger log
INFO: Opened connection [connectionId{localValue:176}] to localhost:27017
nov 11, 2024 6:06:56 A. M. implementaciones.UsuarioDAO obtenerUsuarioCorreo
INFO: Se ha consultado la colección 'usuarios'.
nov 11, 2024 6:06:56 A. M. com.mongodb.diagnostics.logging.JULLogger log
INFO: Closed connection [connectionId{localValue:176}] to localhost:27017 because the pool has been closed.
nov 11, 2024 6:06:56 A. M. conexion.Conexion cerrarConexion
INFO: Se ha cerrado la conexión con el servidor.
nov 11, 2024 6:06:56 A. M. com.mongodb.diagnostics.logging.JULLogger log
INFO: Cluster created with settings {hosts=[localhost:27017], mode=SINGLE, requiredClusterType=UNKNOWN, serverSelectionTimeout='30000 ms', maxWaitQueueSize=500}
nov 11, 2024 6:06:56 A. M. conexion.Conexion crearConexion
INFO: Se ha establecido la conexión con el servidor.
nov 11, 2024 6:06:56 A. M. com.mongodb.diagnostics.logging.JULLogger log
INFO: Cluster description not yet available. Waiting for 30000 ms before timing out
nov 11, 2024 6:06:56 A. M. com.mongodb.diagnostics.logging.JULLogger log
INFO: Opened connection [connectionId{localValue:177}] to localhost:27017
nov 11, 2024 6:06:56 A. M. com.mongodb.diagnostics.logging.JULLogger log
INFO: Monitor thread successfully connected to server with description ServerDescription{address=localhost:27017, type=STANDALONE, state=CONNECTED, ok=true, version=ServerVersion{versionList=[8, 0, 3]}, minWireVersion=0, maxWireVersion=25, maxDocumentSize=16777216, logicalSessionTimeoutMinutes=30, roundTripTimeNanos=204400}
nov 11, 2024 6:06:56 A. M. com.mongodb.diagnostics.logging.JULLogger log
INFO: Opened connection [connectionId{localValue:178}] to localhost:27017
nov 11, 2024 6:06:56 A. M. implementaciones.UsuarioDAO obtenerEmpleadoCurp
INFO: Se ha consultado la colección 'usuarios'.
nov 11, 2024 6:06:56 A. M. com.mongodb.diagnostics.logging.JULLogger log
INFO: Closed connection [connectionId{localValue:178}] to localhost:27017 because the pool has been closed.
nov 11, 2024 6:06:56 A. M. conexion.Conexion cerrarConexion
INFO: Se ha cerrado la conexión con el servidor.
nov 11, 2024 6:06:56 A. M. com.mongodb.diagnostics.logging.JULLogger log
INFO: Cluster created with settings {hosts=[localhost:27017], mode=SINGLE, requiredClusterType=UNKNOWN, serverSelectionTimeout='30000 ms', maxWaitQueueSize=500}
nov 11, 2024 6:06:56 A. M. conexion.Conexion crearConexion
INFO: Se ha establecido la conexión con el servidor.
nov 11, 2024 6:06:56 A. M. com.mongodb.diagnostics.logging.JULLogger log
INFO: Cluster description not yet available. Waiting for 30000 ms before timing out
nov 11, 2024 6:06:56 A. M. com.mongodb.diagnostics.logging.JULLogger log
INFO: Opened connection [connectionId{localValue:179}] to localhost:27017
nov 11, 2024 6:06:56 A. M. com.mongodb.diagnostics.logging.JULLogger log
INFO: Monitor thread successfully connected to server with description ServerDescription{address=localhost:27017, type=STANDALONE, state=CONNECTED, ok=true, version=ServerVersion{versionList=[8, 0, 3]}, minWireVersion=0, maxWireVersion=25, maxDocumentSize=16777216, logicalSessionTimeoutMinutes=30, roundTripTimeNanos=199800}
nov 11, 2024 6:06:56 A. M. com.mongodb.diagnostics.logging.JULLogger log
INFO: Opened connection [connectionId{localValue:180}] to localhost:27017
nov 11, 2024 6:06:56 A. M. implementaciones.UsuarioDAO obtenerEmpleadoRfc
INFO: Se ha consultado la colección 'usuarios'.
nov 11, 2024 6:06:56 A. M. com.mongodb.diagnostics.logging.JULLogger log
INFO: Closed connection [connectionId{localValue:180}] to localhost:27017 because the pool has been closed.
nov 11, 2024 6:06:56 A. M. conexion.Conexion cerrarConexion
INFO: Se ha cerrado la conexión con el servidor.
nov 11, 2024 6:06:56 A. M. com.mongodb.diagnostics.logging.JULLogger log
INFO: Cluster created with settings {hosts=[localhost:27017], mode=SINGLE, requiredClusterType=UNKNOWN, serverSelectionTimeout='30000 ms', maxWaitQueueSize=500}
nov 11, 2024 6:06:56 A. M. conexion.Conexion crearConexion
INFO: Se ha establecido la conexión con el servidor.
nov 11, 2024 6:06:56 A. M. com.mongodb.diagnostics.logging.JULLogger log
INFO: Cluster description not yet available. Waiting for 30000 ms before timing out
nov 11, 2024 6:06:56 A. M. com.mongodb.diagnostics.logging.JULLogger log
INFO: Opened connection [connectionId{localValue:181}] to localhost:27017
nov 11, 2024 6:06:56 A. M. com.mongodb.diagnostics.logging.JULLogger log
INFO: Monitor thread successfully connected to server with description ServerDescription{address=localhost:27017, type=STANDALONE, state=CONNECTED, ok=true, version=ServerVersion{versionList=[8, 0, 3]}, minWireVersion=0, maxWireVersion=25, maxDocumentSize=16777216, logicalSessionTimeoutMinutes=30, roundTripTimeNanos=166100}
nov 11, 2024 6:06:56 A. M. com.mongodb.diagnostics.logging.JULLogger log
INFO: Opened connection [connectionId{localValue:182}] to localhost:27017
nov 11, 2024 6:06:56 A. M. implementaciones.UsuarioDAO agregarEmpleado
INFO: Se ha insertado un documento en la colección 'usuarios'.
nov 11, 2024 6:06:56 A. M. com.mongodb.diagnostics.logging.JULLogger log
INFO: Closed connection [connectionId{localValue:182}] to localhost:27017 because the pool has been closed.
nov 11, 2024 6:06:56 A. M. conexion.Conexion cerrarConexion
INFO: Se ha cerrado la conexión con el servidor.
nov 11, 2024 6:06:56 A. M. com.mongodb.diagnostics.logging.JULLogger log
INFO: Cluster created with settings {hosts=[localhost:27017], mode=SINGLE, requiredClusterType=UNKNOWN, serverSelectionTimeout='30000 ms', maxWaitQueueSize=500}
nov 11, 2024 6:06:56 A. M. conexion.Conexion crearConexion
INFO: Se ha establecido la conexión con el servidor.
nov 11, 2024 6:06:56 A. M. com.mongodb.diagnostics.logging.JULLogger log
INFO: Cluster description not yet available. Waiting for 30000 ms before timing out
nov 11, 2024 6:06:56 A. M. com.mongodb.diagnostics.logging.JULLogger log
INFO: Opened connection [connectionId{localValue:183}] to localhost:27017
nov 11, 2024 6:06:56 A. M. com.mongodb.diagnostics.logging.JULLogger log
INFO: Monitor thread successfully connected to server with description ServerDescription{address=localhost:27017, type=STANDALONE, state=CONNECTED, ok=true, version=ServerVersion{versionList=[8, 0, 3]}, minWireVersion=0, maxWireVersion=25, maxDocumentSize=16777216, logicalSessionTimeoutMinutes=30, roundTripTimeNanos=152600}
nov 11, 2024 6:06:56 A. M. com.mongodb.diagnostics.logging.JULLogger log
INFO: Opened connection [connectionId{localValue:184}] to localhost:27017
nov 11, 2024 6:06:56 A. M. implementaciones.UsuarioDAO obtenerUsuarioCorreo
INFO: Se ha consultado la colección 'usuarios'.
nov 11, 2024 6:06:56 A. M. com.mongodb.diagnostics.logging.JULLogger log
INFO: Closed connection [connectionId{localValue:184}] to localhost:27017 because the pool has been closed.
nov 11, 2024 6:06:56 A. M. conexion.Conexion cerrarConexion
INFO: Se ha cerrado la conexión con el servidor.
nov 11, 2024 6:06:56 A. M. com.mongodb.diagnostics.logging.JULLogger log
INFO: Cluster created with settings {hosts=[localhost:27017], mode=SINGLE, requiredClusterType=UNKNOWN, serverSelectionTimeout='30000 ms', maxWaitQueueSize=500}
nov 11, 2024 6:06:56 A. M. conexion.Conexion crearConexion
INFO: Se ha establecido la conexión con el servidor.
nov 11, 2024 6:06:56 A. M. com.mongodb.diagnostics.logging.JULLogger log
INFO: Cluster description not yet available. Waiting for 30000 ms before timing out
nov 11, 2024 6:06:56 A. M. com.mongodb.diagnostics.logging.JULLogger log
INFO: Opened connection [connectionId{localValue:185}] to localhost:27017
nov 11, 2024 6:06:56 A. M. com.mongodb.diagnostics.logging.JULLogger log
INFO: Monitor thread successfully connected to server with description ServerDescription{address=localhost:27017, type=STANDALONE, state=CONNECTED, ok=true, version=ServerVersion{versionList=[8, 0, 3]}, minWireVersion=0, maxWireVersion=25, maxDocumentSize=16777216, logicalSessionTimeoutMinutes=30, roundTripTimeNanos=143000}
nov 11, 2024 6:06:56 A. M. com.mongodb.diagnostics.logging.JULLogger log
INFO: Opened connection [connectionId{localValue:186}] to localhost:27017
nov 11, 2024 6:06:56 A. M. implementaciones.UsuarioDAO obtenerEmpleadoCurp
INFO: Se ha consultado la colección 'usuarios'.
nov 11, 2024 6:06:56 A. M. com.mongodb.diagnostics.logging.JULLogger log
INFO: Closed connection [connectionId{localValue:186}] to localhost:27017 because the pool has been closed.
nov 11, 2024 6:06:56 A. M. conexion.Conexion cerrarConexion
INFO: Se ha cerrado la conexión con el servidor.
nov 11, 2024 6:06:56 A. M. com.mongodb.diagnostics.logging.JULLogger log
INFO: Cluster created with settings {hosts=[localhost:27017], mode=SINGLE, requiredClusterType=UNKNOWN, serverSelectionTimeout='30000 ms', maxWaitQueueSize=500}
nov 11, 2024 6:06:56 A. M. conexion.Conexion crearConexion
INFO: Se ha establecido la conexión con el servidor.
nov 11, 2024 6:06:56 A. M. com.mongodb.diagnostics.logging.JULLogger log
INFO: Cluster description not yet available. Waiting for 30000 ms before timing out
nov 11, 2024 6:06:56 A. M. com.mongodb.diagnostics.logging.JULLogger log
INFO: Opened connection [connectionId{localValue:187}] to localhost:27017
nov 11, 2024 6:06:56 A. M. com.mongodb.diagnostics.logging.JULLogger log
INFO: Monitor thread successfully connected to server with description ServerDescription{address=localhost:27017, type=STANDALONE, state=CONNECTED, ok=true, version=ServerVersion{versionList=[8, 0, 3]}, minWireVersion=0, maxWireVersion=25, maxDocumentSize=16777216, logicalSessionTimeoutMinutes=30, roundTripTimeNanos=221100}
nov 11, 2024 6:06:56 A. M. com.mongodb.diagnostics.logging.JULLogger log
INFO: Opened connection [connectionId{localValue:188}] to localhost:27017
nov 11, 2024 6:06:56 A. M. implementaciones.UsuarioDAO borrarUsuarios
INFO: Se han eliminado 1 registros de la colección 'usuarios'.
nov 11, 2024 6:06:56 A. M. com.mongodb.diagnostics.logging.JULLogger log
INFO: Closed connection [connectionId{localValue:188}] to localhost:27017 because the pool has been closed.
nov 11, 2024 6:06:56 A. M. conexion.Conexion cerrarConexion
INFO: Se ha cerrado la conexión con el servidor.
]]></system-err>
  </testcase>
  <testcase name="obtenerUsuarioCorreoContra_ValoresExistentes_ReturnSuccess" classname="implementaciones.UsuarioDAOTest" time="0.034">
    <system-err><![CDATA[nov 11, 2024 6:06:56 A. M. com.mongodb.diagnostics.logging.JULLogger log
INFO: Cluster created with settings {hosts=[localhost:27017], mode=SINGLE, requiredClusterType=UNKNOWN, serverSelectionTimeout='30000 ms', maxWaitQueueSize=500}
nov 11, 2024 6:06:56 A. M. conexion.Conexion crearConexion
INFO: Se ha establecido la conexión con el servidor.
nov 11, 2024 6:06:56 A. M. com.mongodb.diagnostics.logging.JULLogger log
INFO: Cluster description not yet available. Waiting for 30000 ms before timing out
nov 11, 2024 6:06:56 A. M. com.mongodb.diagnostics.logging.JULLogger log
INFO: Opened connection [connectionId{localValue:189}] to localhost:27017
nov 11, 2024 6:06:56 A. M. com.mongodb.diagnostics.logging.JULLogger log
INFO: Monitor thread successfully connected to server with description ServerDescription{address=localhost:27017, type=STANDALONE, state=CONNECTED, ok=true, version=ServerVersion{versionList=[8, 0, 3]}, minWireVersion=0, maxWireVersion=25, maxDocumentSize=16777216, logicalSessionTimeoutMinutes=30, roundTripTimeNanos=203800}
nov 11, 2024 6:06:56 A. M. com.mongodb.diagnostics.logging.JULLogger log
INFO: Opened connection [connectionId{localValue:190}] to localhost:27017
nov 11, 2024 6:06:56 A. M. implementaciones.UsuarioDAO obtenerUsuarioCorreo
INFO: Se ha consultado la colección 'usuarios'.
nov 11, 2024 6:06:56 A. M. com.mongodb.diagnostics.logging.JULLogger log
INFO: Closed connection [connectionId{localValue:190}] to localhost:27017 because the pool has been closed.
nov 11, 2024 6:06:56 A. M. conexion.Conexion cerrarConexion
INFO: Se ha cerrado la conexión con el servidor.
nov 11, 2024 6:06:56 A. M. com.mongodb.diagnostics.logging.JULLogger log
INFO: Cluster created with settings {hosts=[localhost:27017], mode=SINGLE, requiredClusterType=UNKNOWN, serverSelectionTimeout='30000 ms', maxWaitQueueSize=500}
nov 11, 2024 6:06:56 A. M. conexion.Conexion crearConexion
INFO: Se ha establecido la conexión con el servidor.
nov 11, 2024 6:06:56 A. M. com.mongodb.diagnostics.logging.JULLogger log
INFO: Cluster description not yet available. Waiting for 30000 ms before timing out
nov 11, 2024 6:06:56 A. M. com.mongodb.diagnostics.logging.JULLogger log
INFO: Opened connection [connectionId{localValue:191}] to localhost:27017
nov 11, 2024 6:06:56 A. M. com.mongodb.diagnostics.logging.JULLogger log
INFO: Monitor thread successfully connected to server with description ServerDescription{address=localhost:27017, type=STANDALONE, state=CONNECTED, ok=true, version=ServerVersion{versionList=[8, 0, 3]}, minWireVersion=0, maxWireVersion=25, maxDocumentSize=16777216, logicalSessionTimeoutMinutes=30, roundTripTimeNanos=157600}
nov 11, 2024 6:06:56 A. M. com.mongodb.diagnostics.logging.JULLogger log
INFO: Opened connection [connectionId{localValue:192}] to localhost:27017
nov 11, 2024 6:06:56 A. M. implementaciones.UsuarioDAO agregarCliente
INFO: Se ha insertado un documento en la colección 'usuarios'.
nov 11, 2024 6:06:56 A. M. com.mongodb.diagnostics.logging.JULLogger log
INFO: Closed connection [connectionId{localValue:192}] to localhost:27017 because the pool has been closed.
nov 11, 2024 6:06:56 A. M. conexion.Conexion cerrarConexion
INFO: Se ha cerrado la conexión con el servidor.
nov 11, 2024 6:06:56 A. M. com.mongodb.diagnostics.logging.JULLogger log
INFO: Cluster created with settings {hosts=[localhost:27017], mode=SINGLE, requiredClusterType=UNKNOWN, serverSelectionTimeout='30000 ms', maxWaitQueueSize=500}
nov 11, 2024 6:06:56 A. M. conexion.Conexion crearConexion
INFO: Se ha establecido la conexión con el servidor.
nov 11, 2024 6:06:56 A. M. com.mongodb.diagnostics.logging.JULLogger log
INFO: Cluster description not yet available. Waiting for 30000 ms before timing out
nov 11, 2024 6:06:56 A. M. com.mongodb.diagnostics.logging.JULLogger log
INFO: Opened connection [connectionId{localValue:193}] to localhost:27017
nov 11, 2024 6:06:56 A. M. com.mongodb.diagnostics.logging.JULLogger log
INFO: Monitor thread successfully connected to server with description ServerDescription{address=localhost:27017, type=STANDALONE, state=CONNECTED, ok=true, version=ServerVersion{versionList=[8, 0, 3]}, minWireVersion=0, maxWireVersion=25, maxDocumentSize=16777216, logicalSessionTimeoutMinutes=30, roundTripTimeNanos=274200}
nov 11, 2024 6:06:56 A. M. com.mongodb.diagnostics.logging.JULLogger log
INFO: Opened connection [connectionId{localValue:194}] to localhost:27017
nov 11, 2024 6:06:56 A. M. implementaciones.UsuarioDAO obtenerUsuarioCorreo
INFO: Se ha consultado la colección 'usuarios'.
nov 11, 2024 6:06:56 A. M. com.mongodb.diagnostics.logging.JULLogger log
INFO: Closed connection [connectionId{localValue:194}] to localhost:27017 because the pool has been closed.
nov 11, 2024 6:06:56 A. M. conexion.Conexion cerrarConexion
INFO: Se ha cerrado la conexión con el servidor.
nov 11, 2024 6:06:56 A. M. com.mongodb.diagnostics.logging.JULLogger log
INFO: Cluster created with settings {hosts=[localhost:27017], mode=SINGLE, requiredClusterType=UNKNOWN, serverSelectionTimeout='30000 ms', maxWaitQueueSize=500}
nov 11, 2024 6:06:56 A. M. conexion.Conexion crearConexion
INFO: Se ha establecido la conexión con el servidor.
nov 11, 2024 6:06:56 A. M. com.mongodb.diagnostics.logging.JULLogger log
INFO: Cluster description not yet available. Waiting for 30000 ms before timing out
nov 11, 2024 6:06:56 A. M. com.mongodb.diagnostics.logging.JULLogger log
INFO: Opened connection [connectionId{localValue:195}] to localhost:27017
nov 11, 2024 6:06:56 A. M. com.mongodb.diagnostics.logging.JULLogger log
INFO: Monitor thread successfully connected to server with description ServerDescription{address=localhost:27017, type=STANDALONE, state=CONNECTED, ok=true, version=ServerVersion{versionList=[8, 0, 3]}, minWireVersion=0, maxWireVersion=25, maxDocumentSize=16777216, logicalSessionTimeoutMinutes=30, roundTripTimeNanos=205500}
nov 11, 2024 6:06:56 A. M. com.mongodb.diagnostics.logging.JULLogger log
INFO: Opened connection [connectionId{localValue:196}] to localhost:27017
nov 11, 2024 6:06:56 A. M. implementaciones.UsuarioDAO obtenerUsuarioCorreoContra
INFO: Se ha consultado la colección 'usuarios'.
nov 11, 2024 6:06:56 A. M. com.mongodb.diagnostics.logging.JULLogger log
INFO: Closed connection [connectionId{localValue:196}] to localhost:27017 because the pool has been closed.
nov 11, 2024 6:06:56 A. M. conexion.Conexion cerrarConexion
INFO: Se ha cerrado la conexión con el servidor.
nov 11, 2024 6:06:56 A. M. com.mongodb.diagnostics.logging.JULLogger log
INFO: Cluster created with settings {hosts=[localhost:27017], mode=SINGLE, requiredClusterType=UNKNOWN, serverSelectionTimeout='30000 ms', maxWaitQueueSize=500}
nov 11, 2024 6:06:56 A. M. conexion.Conexion crearConexion
INFO: Se ha establecido la conexión con el servidor.
nov 11, 2024 6:06:56 A. M. com.mongodb.diagnostics.logging.JULLogger log
INFO: Cluster description not yet available. Waiting for 30000 ms before timing out
nov 11, 2024 6:06:56 A. M. com.mongodb.diagnostics.logging.JULLogger log
INFO: Opened connection [connectionId{localValue:197}] to localhost:27017
nov 11, 2024 6:06:56 A. M. com.mongodb.diagnostics.logging.JULLogger log
INFO: Monitor thread successfully connected to server with description ServerDescription{address=localhost:27017, type=STANDALONE, state=CONNECTED, ok=true, version=ServerVersion{versionList=[8, 0, 3]}, minWireVersion=0, maxWireVersion=25, maxDocumentSize=16777216, logicalSessionTimeoutMinutes=30, roundTripTimeNanos=325400}
nov 11, 2024 6:06:56 A. M. com.mongodb.diagnostics.logging.JULLogger log
INFO: Opened connection [connectionId{localValue:198}] to localhost:27017
nov 11, 2024 6:06:56 A. M. implementaciones.UsuarioDAO borrarUsuarios
INFO: Se han eliminado 1 registros de la colección 'usuarios'.
nov 11, 2024 6:06:56 A. M. com.mongodb.diagnostics.logging.JULLogger log
INFO: Closed connection [connectionId{localValue:198}] to localhost:27017 because the pool has been closed.
nov 11, 2024 6:06:56 A. M. conexion.Conexion cerrarConexion
INFO: Se ha cerrado la conexión con el servidor.
]]></system-err>
  </testcase>
</testsuite>