<?xml version="1.0" encoding="UTF-8"?>
<testsuite xmlns:xsi="http://www.w3.org/2001/XMLSchema-instance" xsi:noNamespaceSchemaLocation="https://maven.apache.org/surefire/maven-surefire-plugin/xsd/surefire-test-report-3.0.xsd" version="3.0" name="implementaciones.TicketDAOTest" time="0.297" tests="6" errors="2" skipped="0" failures="4">
  <properties>
[...]
</properties>
  <testcase name="testAgregarTicket" classname="implementaciones.TicketDAOTest" time="0.154">
    <error message="document can not be null" type="java.lang.IllegalArgumentException"><![CDATA[java.lang.IllegalArgumentException: document can not be null
	at com.mongodb.assertions.Assertions.notNull(Assertions.java:37)
	at com.mongodb.client.internal.MongoCollectionImpl.insertOne(MongoCollectionImpl.java:478)
	at com.mongodb.client.internal.MongoCollectionImpl.insertOne(MongoCollectionImpl.java:473)
	at implementaciones.TicketDAO.agregarTicket(TicketDAO.java:57)
	at implementaciones.TicketDAOTest.testAgregarTicket(TicketDAOTest.java:52)
	at java.base/java.lang.reflect.Method.invoke(Method.java:580)
	at java.base/java.util.ArrayList.forEach(ArrayList.java:1596)
	at java.base/java.util.ArrayList.forEach(ArrayList.java:1596)
]]></error>
    <system-out><![CDATA[agregarTicket
]]></system-out>
    <system-err><![CDATA[nov 09, 2024 9:34:11 P. M. com.mongodb.diagnostics.logging.JULLogger log
INFO: Cluster created with settings {hosts=[localhost:27017], mode=SINGLE, requiredClusterType=UNKNOWN, serverSelectionTimeout='30000 ms', maxWaitQueueSize=500}
nov 09, 2024 9:34:11 P. M. conexion.Conexion crearConexion
INFO: Se ha establecido la conexión con el servidor.
]]></system-err>
  </testcase>
  <testcase name="testObtenerTickets" classname="implementaciones.TicketDAOTest" time="0.06">
    <failure message="expected: &lt;null&gt; but was: &lt;[]&gt;" type="org.opentest4j.AssertionFailedError"><![CDATA[org.opentest4j.AssertionFailedError: expected: <null> but was: <[]>
	at org.junit.jupiter.api.AssertionFailureBuilder.build(AssertionFailureBuilder.java:151)
	at org.junit.jupiter.api.AssertionFailureBuilder.buildAndThrow(AssertionFailureBuilder.java:132)
	at org.junit.jupiter.api.AssertEquals.failNotEqual(AssertEquals.java:197)
	at org.junit.jupiter.api.AssertEquals.assertEquals(AssertEquals.java:182)
	at org.junit.jupiter.api.AssertEquals.assertEquals(AssertEquals.java:177)
	at org.junit.jupiter.api.Assertions.assertEquals(Assertions.java:1145)
	at implementaciones.TicketDAOTest.testObtenerTickets(TicketDAOTest.java:67)
	at java.base/java.lang.reflect.Method.invoke(Method.java:580)
	at java.base/java.util.ArrayList.forEach(ArrayList.java:1596)
	at java.base/java.util.ArrayList.forEach(ArrayList.java:1596)
]]></failure>
    <system-out><![CDATA[obtenerTickets
]]></system-out>
    <system-err><![CDATA[nov 09, 2024 9:34:11 P. M. com.mongodb.diagnostics.logging.JULLogger log
INFO: Cluster created with settings {hosts=[localhost:27017], mode=SINGLE, requiredClusterType=UNKNOWN, serverSelectionTimeout='30000 ms', maxWaitQueueSize=500}
nov 09, 2024 9:34:11 P. M. conexion.Conexion crearConexion
INFO: Se ha establecido la conexión con el servidor.
nov 09, 2024 9:34:12 P. M. com.mongodb.diagnostics.logging.JULLogger log
INFO: Opened connection [connectionId{localValue:2}] to localhost:27017
nov 09, 2024 9:34:12 P. M. com.mongodb.diagnostics.logging.JULLogger log
INFO: Opened connection [connectionId{localValue:1}] to localhost:27017
nov 09, 2024 9:34:12 P. M. com.mongodb.diagnostics.logging.JULLogger log
INFO: Monitor thread successfully connected to server with description ServerDescription{address=localhost:27017, type=STANDALONE, state=CONNECTED, ok=true, version=ServerVersion{versionList=[8, 0, 3]}, minWireVersion=0, maxWireVersion=25, maxDocumentSize=16777216, logicalSessionTimeoutMinutes=30, roundTripTimeNanos=2186800}
nov 09, 2024 9:34:12 P. M. com.mongodb.diagnostics.logging.JULLogger log
INFO: Monitor thread successfully connected to server with description ServerDescription{address=localhost:27017, type=STANDALONE, state=CONNECTED, ok=true, version=ServerVersion{versionList=[8, 0, 3]}, minWireVersion=0, maxWireVersion=25, maxDocumentSize=16777216, logicalSessionTimeoutMinutes=30, roundTripTimeNanos=2324099}
nov 09, 2024 9:34:12 P. M. com.mongodb.diagnostics.logging.JULLogger log
INFO: Opened connection [connectionId{localValue:3}] to localhost:27017
nov 09, 2024 9:34:12 P. M. implementaciones.TicketDAO obtenerTickets
INFO: Se ha insertado un documento en la colección 'tickets'.
nov 09, 2024 9:34:12 P. M. com.mongodb.diagnostics.logging.JULLogger log
INFO: Closed connection [connectionId{localValue:3}] to localhost:27017 because the pool has been closed.
nov 09, 2024 9:34:12 P. M. conexion.Conexion cerrarConexion
INFO: Se ha cerrado la conexión con el servidor.
]]></system-err>
  </testcase>
  <testcase name="testObtenerTodosTickets" classname="implementaciones.TicketDAOTest" time="0.017">
    <failure message="expected: &lt;null&gt; but was: &lt;[colecciones.Ticket@5965be2d, colecciones.Ticket@409c54f]&gt;" type="org.opentest4j.AssertionFailedError"><![CDATA[org.opentest4j.AssertionFailedError: expected: <null> but was: <[colecciones.Ticket@5965be2d, colecciones.Ticket@409c54f]>
	at org.junit.jupiter.api.AssertionFailureBuilder.build(AssertionFailureBuilder.java:151)
	at org.junit.jupiter.api.AssertionFailureBuilder.buildAndThrow(AssertionFailureBuilder.java:132)
	at org.junit.jupiter.api.AssertEquals.failNotEqual(AssertEquals.java:197)
	at org.junit.jupiter.api.AssertEquals.assertEquals(AssertEquals.java:182)
	at org.junit.jupiter.api.AssertEquals.assertEquals(AssertEquals.java:177)
	at org.junit.jupiter.api.Assertions.assertEquals(Assertions.java:1145)
	at implementaciones.TicketDAOTest.testObtenerTodosTickets(TicketDAOTest.java:111)
	at java.base/java.lang.reflect.Method.invoke(Method.java:580)
	at java.base/java.util.ArrayList.forEach(ArrayList.java:1596)
	at java.base/java.util.ArrayList.forEach(ArrayList.java:1596)
]]></failure>
    <system-out><![CDATA[obtenerTodosTickets
]]></system-out>
    <system-err><![CDATA[nov 09, 2024 9:34:12 P. M. com.mongodb.diagnostics.logging.JULLogger log
INFO: Cluster created with settings {hosts=[localhost:27017], mode=SINGLE, requiredClusterType=UNKNOWN, serverSelectionTimeout='30000 ms', maxWaitQueueSize=500}
nov 09, 2024 9:34:12 P. M. conexion.Conexion crearConexion
INFO: Se ha establecido la conexión con el servidor.
nov 09, 2024 9:34:12 P. M. com.mongodb.diagnostics.logging.JULLogger log
INFO: Opened connection [connectionId{localValue:4}] to localhost:27017
nov 09, 2024 9:34:12 P. M. com.mongodb.diagnostics.logging.JULLogger log
INFO: Monitor thread successfully connected to server with description ServerDescription{address=localhost:27017, type=STANDALONE, state=CONNECTED, ok=true, version=ServerVersion{versionList=[8, 0, 3]}, minWireVersion=0, maxWireVersion=25, maxDocumentSize=16777216, logicalSessionTimeoutMinutes=30, roundTripTimeNanos=355501}
nov 09, 2024 9:34:12 P. M. com.mongodb.diagnostics.logging.JULLogger log
INFO: Opened connection [connectionId{localValue:5}] to localhost:27017
nov 09, 2024 9:34:12 P. M. implementaciones.TicketDAO obtenerTodosTickets
INFO: Se ha insertado un documento en la colección 'tickets'.
nov 09, 2024 9:34:12 P. M. com.mongodb.diagnostics.logging.JULLogger log
INFO: Closed connection [connectionId{localValue:5}] to localhost:27017 because the pool has been closed.
nov 09, 2024 9:34:12 P. M. conexion.Conexion cerrarConexion
INFO: Se ha cerrado la conexión con el servidor.
]]></system-err>
  </testcase>
  <testcase name="testAgregarRespuesta" classname="implementaciones.TicketDAOTest" time="0.025">
    <failure message="The test case is a prototype." type="org.opentest4j.AssertionFailedError"><![CDATA[org.opentest4j.AssertionFailedError: The test case is a prototype.
	at org.junit.jupiter.api.AssertionUtils.fail(AssertionUtils.java:38)
	at org.junit.jupiter.api.Assertions.fail(Assertions.java:138)
	at implementaciones.TicketDAOTest.testAgregarRespuesta(TicketDAOTest.java:98)
	at java.base/java.lang.reflect.Method.invoke(Method.java:580)
	at java.base/java.util.ArrayList.forEach(ArrayList.java:1596)
	at java.base/java.util.ArrayList.forEach(ArrayList.java:1596)
]]></failure>
    <system-out><![CDATA[agregarRespuesta
]]></system-out>
    <system-err><![CDATA[nov 09, 2024 9:34:12 P. M. com.mongodb.diagnostics.logging.JULLogger log
INFO: Cluster created with settings {hosts=[localhost:27017], mode=SINGLE, requiredClusterType=UNKNOWN, serverSelectionTimeout='30000 ms', maxWaitQueueSize=500}
nov 09, 2024 9:34:12 P. M. conexion.Conexion crearConexion
INFO: Se ha establecido la conexión con el servidor.
nov 09, 2024 9:34:12 P. M. com.mongodb.diagnostics.logging.JULLogger log
INFO: Opened connection [connectionId{localValue:6}] to localhost:27017
nov 09, 2024 9:34:12 P. M. com.mongodb.diagnostics.logging.JULLogger log
INFO: Monitor thread successfully connected to server with description ServerDescription{address=localhost:27017, type=STANDALONE, state=CONNECTED, ok=true, version=ServerVersion{versionList=[8, 0, 3]}, minWireVersion=0, maxWireVersion=25, maxDocumentSize=16777216, logicalSessionTimeoutMinutes=30, roundTripTimeNanos=323100}
nov 09, 2024 9:34:12 P. M. com.mongodb.diagnostics.logging.JULLogger log
INFO: Opened connection [connectionId{localValue:7}] to localhost:27017
nov 09, 2024 9:34:12 P. M. implementaciones.TicketDAO agregarRespuesta
INFO: Se ha actualizado un documento de la colección 'tickets'.
nov 09, 2024 9:34:12 P. M. com.mongodb.diagnostics.logging.JULLogger log
INFO: Closed connection [connectionId{localValue:7}] to localhost:27017 because the pool has been closed.
nov 09, 2024 9:34:12 P. M. conexion.Conexion cerrarConexion
INFO: Se ha cerrado la conexión con el servidor.
]]></system-err>
  </testcase>
  <testcase name="testActualizarTicket" classname="implementaciones.TicketDAOTest" time="0.003">
    <error message="Cannot invoke &quot;colecciones.Ticket.getId()&quot; because &quot;ticket&quot; is null" type="java.lang.NullPointerException"><![CDATA[java.lang.NullPointerException: Cannot invoke "colecciones.Ticket.getId()" because "ticket" is null
	at implementaciones.TicketDAO.actualizarTicket(TicketDAO.java:196)
	at implementaciones.TicketDAOTest.testActualizarTicket(TicketDAOTest.java:124)
	at java.base/java.lang.reflect.Method.invoke(Method.java:580)
	at java.base/java.util.ArrayList.forEach(ArrayList.java:1596)
	at java.base/java.util.ArrayList.forEach(ArrayList.java:1596)
]]></error>
    <system-out><![CDATA[actualizarTicket
]]></system-out>
    <system-err><![CDATA[nov 09, 2024 9:34:12 P. M. com.mongodb.diagnostics.logging.JULLogger log
INFO: Cluster created with settings {hosts=[localhost:27017], mode=SINGLE, requiredClusterType=UNKNOWN, serverSelectionTimeout='30000 ms', maxWaitQueueSize=500}
nov 09, 2024 9:34:12 P. M. conexion.Conexion crearConexion
INFO: Se ha establecido la conexión con el servidor.
]]></system-err>
  </testcase>
  <testcase name="testObtenerTicket" classname="implementaciones.TicketDAOTest" time="0.008">
    <failure message="The test case is a prototype." type="org.opentest4j.AssertionFailedError"><![CDATA[org.opentest4j.AssertionFailedError: The test case is a prototype.
	at org.junit.jupiter.api.AssertionUtils.fail(AssertionUtils.java:38)
	at org.junit.jupiter.api.Assertions.fail(Assertions.java:138)
	at implementaciones.TicketDAOTest.testObtenerTicket(TicketDAOTest.java:84)
	at java.base/java.lang.reflect.Method.invoke(Method.java:580)
	at java.base/java.util.ArrayList.forEach(ArrayList.java:1596)
	at java.base/java.util.ArrayList.forEach(ArrayList.java:1596)
]]></failure>
    <system-out><![CDATA[obtenerTicket
]]></system-out>
    <system-err><![CDATA[nov 09, 2024 9:34:12 P. M. com.mongodb.diagnostics.logging.JULLogger log
INFO: Opened connection [connectionId{localValue:8}] to localhost:27017
nov 09, 2024 9:34:12 P. M. com.mongodb.diagnostics.logging.JULLogger log
INFO: Cluster created with settings {hosts=[localhost:27017], mode=SINGLE, requiredClusterType=UNKNOWN, serverSelectionTimeout='30000 ms', maxWaitQueueSize=500}
nov 09, 2024 9:34:12 P. M. com.mongodb.diagnostics.logging.JULLogger log
INFO: Monitor thread successfully connected to server with description ServerDescription{address=localhost:27017, type=STANDALONE, state=CONNECTED, ok=true, version=ServerVersion{versionList=[8, 0, 3]}, minWireVersion=0, maxWireVersion=25, maxDocumentSize=16777216, logicalSessionTimeoutMinutes=30, roundTripTimeNanos=314600}
nov 09, 2024 9:34:12 P. M. conexion.Conexion crearConexion
INFO: Se ha establecido la conexión con el servidor.
nov 09, 2024 9:34:12 P. M. com.mongodb.diagnostics.logging.JULLogger log
INFO: Cluster description not yet available. Waiting for 30000 ms before timing out
nov 09, 2024 9:34:12 P. M. com.mongodb.diagnostics.logging.JULLogger log
INFO: Opened connection [connectionId{localValue:9}] to localhost:27017
nov 09, 2024 9:34:12 P. M. com.mongodb.diagnostics.logging.JULLogger log
INFO: Monitor thread successfully connected to server with description ServerDescription{address=localhost:27017, type=STANDALONE, state=CONNECTED, ok=true, version=ServerVersion{versionList=[8, 0, 3]}, minWireVersion=0, maxWireVersion=25, maxDocumentSize=16777216, logicalSessionTimeoutMinutes=30, roundTripTimeNanos=272999}
nov 09, 2024 9:34:12 P. M. com.mongodb.diagnostics.logging.JULLogger log
INFO: Opened connection [connectionId{localValue:10}] to localhost:27017
nov 09, 2024 9:34:12 P. M. implementaciones.TicketDAO obtenerTicket
INFO: Se ha insertado un documento en la colección 'tickets'.
nov 09, 2024 9:34:12 P. M. com.mongodb.diagnostics.logging.JULLogger log
INFO: Closed connection [connectionId{localValue:10}] to localhost:27017 because the pool has been closed.
nov 09, 2024 9:34:12 P. M. conexion.Conexion cerrarConexion
INFO: Se ha cerrado la conexión con el servidor.
]]></system-err>
  </testcase>
</testsuite>