<?xml version="1.0" encoding="UTF-8"?>
<testsuite xmlns:xsi="http://www.w3.org/2001/XMLSchema-instance" xsi:noNamespaceSchemaLocation="https://maven.apache.org/surefire/maven-surefire-plugin/xsd/surefire-test-report-3.0.xsd" version="3.0" name="implementaciones.QuejaDAOTest" time="1.479" tests="8" errors="0" skipped="0" failures="0">
  <properties>
[...]
</properties>
  <testcase name="testInsertarQuejaNormal" classname="implementaciones.QuejaDAOTest" time="0.682">
    <system-err><![CDATA[nov 11, 2024 1:27:50 A. M. com.mongodb.diagnostics.logging.JULLogger log
INFO: Cluster created with settings {hosts=[localhost:27017], mode=SINGLE, requiredClusterType=UNKNOWN, serverSelectionTimeout='30000 ms', maxWaitQueueSize=500}
nov 11, 2024 1:27:50 A. M. conexion.Conexion crearConexion
INFO: Se ha establecido la conexión con el servidor.
nov 11, 2024 1:27:50 A. M. com.mongodb.diagnostics.logging.JULLogger log
INFO: Cluster description not yet available. Waiting for 30000 ms before timing out
nov 11, 2024 1:27:50 A. M. com.mongodb.diagnostics.logging.JULLogger log
INFO: Opened connection [connectionId{localValue:1}] to localhost:27017
nov 11, 2024 1:27:50 A. M. com.mongodb.diagnostics.logging.JULLogger log
INFO: Monitor thread successfully connected to server with description ServerDescription{address=localhost:27017, type=STANDALONE, state=CONNECTED, ok=true, version=ServerVersion{versionList=[8, 0, 3]}, minWireVersion=0, maxWireVersion=25, maxDocumentSize=16777216, logicalSessionTimeoutMinutes=30, roundTripTimeNanos=5705700}
nov 11, 2024 1:27:50 A. M. com.mongodb.diagnostics.logging.JULLogger log
INFO: Opened connection [connectionId{localValue:2}] to localhost:27017
nov 11, 2024 1:27:50 A. M. implementaciones.QuejaDAO insertarQueja
INFO: Se ha insertado la queja en la colección 'quejas'.
nov 11, 2024 1:27:50 A. M. com.mongodb.diagnostics.logging.JULLogger log
INFO: Cluster created with settings {hosts=[localhost:27017], mode=SINGLE, requiredClusterType=UNKNOWN, serverSelectionTimeout='30000 ms', maxWaitQueueSize=500}
nov 11, 2024 1:27:50 A. M. conexion.Conexion crearConexion
INFO: Se ha establecido la conexión con el servidor.
nov 11, 2024 1:27:50 A. M. com.mongodb.diagnostics.logging.JULLogger log
INFO: Opened connection [connectionId{localValue:3}] to localhost:27017
nov 11, 2024 1:27:50 A. M. com.mongodb.diagnostics.logging.JULLogger log
INFO: Monitor thread successfully connected to server with description ServerDescription{address=localhost:27017, type=STANDALONE, state=CONNECTED, ok=true, version=ServerVersion{versionList=[8, 0, 3]}, minWireVersion=0, maxWireVersion=25, maxDocumentSize=16777216, logicalSessionTimeoutMinutes=30, roundTripTimeNanos=1344900}
nov 11, 2024 1:27:50 A. M. com.mongodb.diagnostics.logging.JULLogger log
INFO: Opened connection [connectionId{localValue:4}] to localhost:27017
nov 11, 2024 1:27:50 A. M. implementaciones.QuejaDAO buscarQuejaPorId
INFO: Se encontró una queja con el ID: 672c1501e23c507d2981e304
nov 11, 2024 1:27:50 A. M. com.mongodb.diagnostics.logging.JULLogger log
INFO: Cluster created with settings {hosts=[localhost:27017], mode=SINGLE, requiredClusterType=UNKNOWN, serverSelectionTimeout='30000 ms', maxWaitQueueSize=500}
nov 11, 2024 1:27:50 A. M. conexion.Conexion crearConexion
INFO: Se ha establecido la conexión con el servidor.
nov 11, 2024 1:27:50 A. M. com.mongodb.diagnostics.logging.JULLogger log
INFO: Cluster description not yet available. Waiting for 30000 ms before timing out
nov 11, 2024 1:27:50 A. M. com.mongodb.diagnostics.logging.JULLogger log
INFO: Opened connection [connectionId{localValue:5}] to localhost:27017
nov 11, 2024 1:27:50 A. M. com.mongodb.diagnostics.logging.JULLogger log
INFO: Monitor thread successfully connected to server with description ServerDescription{address=localhost:27017, type=STANDALONE, state=CONNECTED, ok=true, version=ServerVersion{versionList=[8, 0, 3]}, minWireVersion=0, maxWireVersion=25, maxDocumentSize=16777216, logicalSessionTimeoutMinutes=30, roundTripTimeNanos=2051700}
nov 11, 2024 1:27:50 A. M. com.mongodb.diagnostics.logging.JULLogger log
INFO: Opened connection [connectionId{localValue:6}] to localhost:27017
nov 11, 2024 1:27:50 A. M. implementaciones.QuejaDAO borrarQuejas
INFO: Se han eliminado 1 registros de la colección 'quejas'.
nov 11, 2024 1:27:50 A. M. com.mongodb.diagnostics.logging.JULLogger log
INFO: Closed connection [connectionId{localValue:6}] to localhost:27017 because the pool has been closed.
nov 11, 2024 1:27:50 A. M. conexion.Conexion cerrarConexion
INFO: Se ha cerrado la conexión con el servidor.
]]></system-err>
  </testcase>
  <testcase name="testObtenerQuejasPorTipo" classname="implementaciones.QuejaDAOTest" time="0.087">
    <system-err><![CDATA[nov 11, 2024 1:27:50 A. M. com.mongodb.diagnostics.logging.JULLogger log
INFO: Cluster created with settings {hosts=[localhost:27017], mode=SINGLE, requiredClusterType=UNKNOWN, serverSelectionTimeout='30000 ms', maxWaitQueueSize=500}
nov 11, 2024 1:27:50 A. M. conexion.Conexion crearConexion
INFO: Se ha establecido la conexión con el servidor.
nov 11, 2024 1:27:50 A. M. com.mongodb.diagnostics.logging.JULLogger log
INFO: Cluster description not yet available. Waiting for 30000 ms before timing out
nov 11, 2024 1:27:51 A. M. com.mongodb.diagnostics.logging.JULLogger log
INFO: Opened connection [connectionId{localValue:7}] to localhost:27017
nov 11, 2024 1:27:51 A. M. com.mongodb.diagnostics.logging.JULLogger log
INFO: Monitor thread successfully connected to server with description ServerDescription{address=localhost:27017, type=STANDALONE, state=CONNECTED, ok=true, version=ServerVersion{versionList=[8, 0, 3]}, minWireVersion=0, maxWireVersion=25, maxDocumentSize=16777216, logicalSessionTimeoutMinutes=30, roundTripTimeNanos=1192500}
nov 11, 2024 1:27:51 A. M. com.mongodb.diagnostics.logging.JULLogger log
INFO: Opened connection [connectionId{localValue:8}] to localhost:27017
nov 11, 2024 1:27:51 A. M. implementaciones.QuejaDAO insertarQueja
INFO: Se ha insertado la queja en la colección 'quejas'.
nov 11, 2024 1:27:51 A. M. implementaciones.QuejaDAO insertarQueja
INFO: Se ha insertado la queja en la colección 'quejas'.
nov 11, 2024 1:27:51 A. M. implementaciones.QuejaDAO insertarQueja
INFO: Se ha insertado la queja en la colección 'quejas'.
nov 11, 2024 1:27:51 A. M. com.mongodb.diagnostics.logging.JULLogger log
INFO: Cluster created with settings {hosts=[localhost:27017], mode=SINGLE, requiredClusterType=UNKNOWN, serverSelectionTimeout='30000 ms', maxWaitQueueSize=500}
nov 11, 2024 1:27:51 A. M. conexion.Conexion crearConexion
INFO: Se ha establecido la conexión con el servidor.
nov 11, 2024 1:27:51 A. M. com.mongodb.diagnostics.logging.JULLogger log
INFO: Cluster description not yet available. Waiting for 30000 ms before timing out
nov 11, 2024 1:27:51 A. M. com.mongodb.diagnostics.logging.JULLogger log
INFO: Opened connection [connectionId{localValue:9}] to localhost:27017
nov 11, 2024 1:27:51 A. M. com.mongodb.diagnostics.logging.JULLogger log
INFO: Monitor thread successfully connected to server with description ServerDescription{address=localhost:27017, type=STANDALONE, state=CONNECTED, ok=true, version=ServerVersion{versionList=[8, 0, 3]}, minWireVersion=0, maxWireVersion=25, maxDocumentSize=16777216, logicalSessionTimeoutMinutes=30, roundTripTimeNanos=1104900}
nov 11, 2024 1:27:51 A. M. com.mongodb.diagnostics.logging.JULLogger log
INFO: Opened connection [connectionId{localValue:10}] to localhost:27017
nov 11, 2024 1:27:51 A. M. com.mongodb.diagnostics.logging.JULLogger log
INFO: Cluster created with settings {hosts=[localhost:27017], mode=SINGLE, requiredClusterType=UNKNOWN, serverSelectionTimeout='30000 ms', maxWaitQueueSize=500}
nov 11, 2024 1:27:51 A. M. conexion.Conexion crearConexion
INFO: Se ha establecido la conexión con el servidor.
nov 11, 2024 1:27:51 A. M. com.mongodb.diagnostics.logging.JULLogger log
INFO: Cluster description not yet available. Waiting for 30000 ms before timing out
nov 11, 2024 1:27:51 A. M. com.mongodb.diagnostics.logging.JULLogger log
INFO: Opened connection [connectionId{localValue:11}] to localhost:27017
nov 11, 2024 1:27:51 A. M. com.mongodb.diagnostics.logging.JULLogger log
INFO: Monitor thread successfully connected to server with description ServerDescription{address=localhost:27017, type=STANDALONE, state=CONNECTED, ok=true, version=ServerVersion{versionList=[8, 0, 3]}, minWireVersion=0, maxWireVersion=25, maxDocumentSize=16777216, logicalSessionTimeoutMinutes=30, roundTripTimeNanos=1217300}
nov 11, 2024 1:27:51 A. M. com.mongodb.diagnostics.logging.JULLogger log
INFO: Opened connection [connectionId{localValue:12}] to localhost:27017
nov 11, 2024 1:27:51 A. M. implementaciones.QuejaDAO borrarQuejas
INFO: Se han eliminado 3 registros de la colección 'quejas'.
nov 11, 2024 1:27:51 A. M. com.mongodb.diagnostics.logging.JULLogger log
INFO: Closed connection [connectionId{localValue:12}] to localhost:27017 because the pool has been closed.
nov 11, 2024 1:27:51 A. M. conexion.Conexion cerrarConexion
INFO: Se ha cerrado la conexión con el servidor.
]]></system-err>
  </testcase>
  <testcase name="testInsertarQuejaComoAnonimo" classname="implementaciones.QuejaDAOTest" time="0.066">
    <system-err><![CDATA[nov 11, 2024 1:27:51 A. M. com.mongodb.diagnostics.logging.JULLogger log
INFO: Cluster created with settings {hosts=[localhost:27017], mode=SINGLE, requiredClusterType=UNKNOWN, serverSelectionTimeout='30000 ms', maxWaitQueueSize=500}
nov 11, 2024 1:27:51 A. M. conexion.Conexion crearConexion
INFO: Se ha establecido la conexión con el servidor.
nov 11, 2024 1:27:51 A. M. com.mongodb.diagnostics.logging.JULLogger log
INFO: Cluster description not yet available. Waiting for 30000 ms before timing out
nov 11, 2024 1:27:51 A. M. com.mongodb.diagnostics.logging.JULLogger log
INFO: Opened connection [connectionId{localValue:13}] to localhost:27017
nov 11, 2024 1:27:51 A. M. com.mongodb.diagnostics.logging.JULLogger log
INFO: Monitor thread successfully connected to server with description ServerDescription{address=localhost:27017, type=STANDALONE, state=CONNECTED, ok=true, version=ServerVersion{versionList=[8, 0, 3]}, minWireVersion=0, maxWireVersion=25, maxDocumentSize=16777216, logicalSessionTimeoutMinutes=30, roundTripTimeNanos=945300}
nov 11, 2024 1:27:51 A. M. com.mongodb.diagnostics.logging.JULLogger log
INFO: Opened connection [connectionId{localValue:14}] to localhost:27017
nov 11, 2024 1:27:51 A. M. implementaciones.QuejaDAO insertarQueja
INFO: Se ha insertado la queja en la colección 'quejas'.
nov 11, 2024 1:27:51 A. M. com.mongodb.diagnostics.logging.JULLogger log
INFO: Cluster created with settings {hosts=[localhost:27017], mode=SINGLE, requiredClusterType=UNKNOWN, serverSelectionTimeout='30000 ms', maxWaitQueueSize=500}
nov 11, 2024 1:27:51 A. M. conexion.Conexion crearConexion
INFO: Se ha establecido la conexión con el servidor.
nov 11, 2024 1:27:51 A. M. com.mongodb.diagnostics.logging.JULLogger log
INFO: Cluster description not yet available. Waiting for 30000 ms before timing out
nov 11, 2024 1:27:51 A. M. com.mongodb.diagnostics.logging.JULLogger log
INFO: Opened connection [connectionId{localValue:15}] to localhost:27017
nov 11, 2024 1:27:51 A. M. com.mongodb.diagnostics.logging.JULLogger log
INFO: Monitor thread successfully connected to server with description ServerDescription{address=localhost:27017, type=STANDALONE, state=CONNECTED, ok=true, version=ServerVersion{versionList=[8, 0, 3]}, minWireVersion=0, maxWireVersion=25, maxDocumentSize=16777216, logicalSessionTimeoutMinutes=30, roundTripTimeNanos=865400}
nov 11, 2024 1:27:51 A. M. com.mongodb.diagnostics.logging.JULLogger log
INFO: Opened connection [connectionId{localValue:16}] to localhost:27017
nov 11, 2024 1:27:51 A. M. implementaciones.QuejaDAO buscarQuejaPorId
INFO: Se encontró una queja con el ID: 672c1501e23c507d2981e304
nov 11, 2024 1:27:51 A. M. com.mongodb.diagnostics.logging.JULLogger log
INFO: Cluster created with settings {hosts=[localhost:27017], mode=SINGLE, requiredClusterType=UNKNOWN, serverSelectionTimeout='30000 ms', maxWaitQueueSize=500}
nov 11, 2024 1:27:51 A. M. conexion.Conexion crearConexion
INFO: Se ha establecido la conexión con el servidor.
nov 11, 2024 1:27:51 A. M. com.mongodb.diagnostics.logging.JULLogger log
INFO: Cluster description not yet available. Waiting for 30000 ms before timing out
nov 11, 2024 1:27:51 A. M. com.mongodb.diagnostics.logging.JULLogger log
INFO: Opened connection [connectionId{localValue:17}] to localhost:27017
nov 11, 2024 1:27:51 A. M. com.mongodb.diagnostics.logging.JULLogger log
INFO: Monitor thread successfully connected to server with description ServerDescription{address=localhost:27017, type=STANDALONE, state=CONNECTED, ok=true, version=ServerVersion{versionList=[8, 0, 3]}, minWireVersion=0, maxWireVersion=25, maxDocumentSize=16777216, logicalSessionTimeoutMinutes=30, roundTripTimeNanos=1388400}
nov 11, 2024 1:27:51 A. M. com.mongodb.diagnostics.logging.JULLogger log
INFO: Opened connection [connectionId{localValue:18}] to localhost:27017
nov 11, 2024 1:27:51 A. M. implementaciones.QuejaDAO borrarQuejas
INFO: Se han eliminado 1 registros de la colección 'quejas'.
nov 11, 2024 1:27:51 A. M. com.mongodb.diagnostics.logging.JULLogger log
INFO: Closed connection [connectionId{localValue:18}] to localhost:27017 because the pool has been closed.
nov 11, 2024 1:27:51 A. M. conexion.Conexion cerrarConexion
INFO: Se ha cerrado la conexión con el servidor.
]]></system-err>
  </testcase>
  <testcase name="testObtenerQuejasPorEstadoYAnonimato" classname="implementaciones.QuejaDAOTest" time="0.086">
    <system-err><![CDATA[nov 11, 2024 1:27:51 A. M. com.mongodb.diagnostics.logging.JULLogger log
INFO: Cluster created with settings {hosts=[localhost:27017], mode=SINGLE, requiredClusterType=UNKNOWN, serverSelectionTimeout='30000 ms', maxWaitQueueSize=500}
nov 11, 2024 1:27:51 A. M. conexion.Conexion crearConexion
INFO: Se ha establecido la conexión con el servidor.
nov 11, 2024 1:27:51 A. M. com.mongodb.diagnostics.logging.JULLogger log
INFO: Cluster description not yet available. Waiting for 30000 ms before timing out
nov 11, 2024 1:27:51 A. M. com.mongodb.diagnostics.logging.JULLogger log
INFO: Opened connection [connectionId{localValue:19}] to localhost:27017
nov 11, 2024 1:27:51 A. M. com.mongodb.diagnostics.logging.JULLogger log
INFO: Monitor thread successfully connected to server with description ServerDescription{address=localhost:27017, type=STANDALONE, state=CONNECTED, ok=true, version=ServerVersion{versionList=[8, 0, 3]}, minWireVersion=0, maxWireVersion=25, maxDocumentSize=16777216, logicalSessionTimeoutMinutes=30, roundTripTimeNanos=752500}
nov 11, 2024 1:27:51 A. M. com.mongodb.diagnostics.logging.JULLogger log
INFO: Opened connection [connectionId{localValue:20}] to localhost:27017
nov 11, 2024 1:27:51 A. M. implementaciones.QuejaDAO insertarQueja
INFO: Se ha insertado la queja en la colección 'quejas'.
nov 11, 2024 1:27:51 A. M. implementaciones.QuejaDAO insertarQueja
INFO: Se ha insertado la queja en la colección 'quejas'.
nov 11, 2024 1:27:51 A. M. implementaciones.QuejaDAO insertarQueja
INFO: Se ha insertado la queja en la colección 'quejas'.
nov 11, 2024 1:27:51 A. M. implementaciones.QuejaDAO insertarQueja
INFO: Se ha insertado la queja en la colección 'quejas'.
nov 11, 2024 1:27:51 A. M. implementaciones.QuejaDAO insertarQueja
INFO: Se ha insertado la queja en la colección 'quejas'.
nov 11, 2024 1:27:51 A. M. com.mongodb.diagnostics.logging.JULLogger log
INFO: Cluster created with settings {hosts=[localhost:27017], mode=SINGLE, requiredClusterType=UNKNOWN, serverSelectionTimeout='30000 ms', maxWaitQueueSize=500}
nov 11, 2024 1:27:51 A. M. conexion.Conexion crearConexion
INFO: Se ha establecido la conexión con el servidor.
nov 11, 2024 1:27:51 A. M. com.mongodb.diagnostics.logging.JULLogger log
INFO: Cluster description not yet available. Waiting for 30000 ms before timing out
nov 11, 2024 1:27:51 A. M. com.mongodb.diagnostics.logging.JULLogger log
INFO: Opened connection [connectionId{localValue:21}] to localhost:27017
nov 11, 2024 1:27:51 A. M. com.mongodb.diagnostics.logging.JULLogger log
INFO: Monitor thread successfully connected to server with description ServerDescription{address=localhost:27017, type=STANDALONE, state=CONNECTED, ok=true, version=ServerVersion{versionList=[8, 0, 3]}, minWireVersion=0, maxWireVersion=25, maxDocumentSize=16777216, logicalSessionTimeoutMinutes=30, roundTripTimeNanos=1197000}
nov 11, 2024 1:27:51 A. M. com.mongodb.diagnostics.logging.JULLogger log
INFO: Opened connection [connectionId{localValue:22}] to localhost:27017
nov 11, 2024 1:27:51 A. M. com.mongodb.diagnostics.logging.JULLogger log
INFO: Cluster created with settings {hosts=[localhost:27017], mode=SINGLE, requiredClusterType=UNKNOWN, serverSelectionTimeout='30000 ms', maxWaitQueueSize=500}
nov 11, 2024 1:27:51 A. M. conexion.Conexion crearConexion
INFO: Se ha establecido la conexión con el servidor.
nov 11, 2024 1:27:51 A. M. com.mongodb.diagnostics.logging.JULLogger log
INFO: Cluster description not yet available. Waiting for 30000 ms before timing out
nov 11, 2024 1:27:51 A. M. com.mongodb.diagnostics.logging.JULLogger log
INFO: Opened connection [connectionId{localValue:23}] to localhost:27017
nov 11, 2024 1:27:51 A. M. com.mongodb.diagnostics.logging.JULLogger log
INFO: Monitor thread successfully connected to server with description ServerDescription{address=localhost:27017, type=STANDALONE, state=CONNECTED, ok=true, version=ServerVersion{versionList=[8, 0, 3]}, minWireVersion=0, maxWireVersion=25, maxDocumentSize=16777216, logicalSessionTimeoutMinutes=30, roundTripTimeNanos=1002800}
nov 11, 2024 1:27:51 A. M. com.mongodb.diagnostics.logging.JULLogger log
INFO: Opened connection [connectionId{localValue:24}] to localhost:27017
nov 11, 2024 1:27:51 A. M. com.mongodb.diagnostics.logging.JULLogger log
INFO: Cluster created with settings {hosts=[localhost:27017], mode=SINGLE, requiredClusterType=UNKNOWN, serverSelectionTimeout='30000 ms', maxWaitQueueSize=500}
nov 11, 2024 1:27:51 A. M. conexion.Conexion crearConexion
INFO: Se ha establecido la conexión con el servidor.
nov 11, 2024 1:27:51 A. M. com.mongodb.diagnostics.logging.JULLogger log
INFO: Cluster description not yet available. Waiting for 30000 ms before timing out
nov 11, 2024 1:27:51 A. M. com.mongodb.diagnostics.logging.JULLogger log
INFO: Opened connection [connectionId{localValue:25}] to localhost:27017
nov 11, 2024 1:27:51 A. M. com.mongodb.diagnostics.logging.JULLogger log
INFO: Monitor thread successfully connected to server with description ServerDescription{address=localhost:27017, type=STANDALONE, state=CONNECTED, ok=true, version=ServerVersion{versionList=[8, 0, 3]}, minWireVersion=0, maxWireVersion=25, maxDocumentSize=16777216, logicalSessionTimeoutMinutes=30, roundTripTimeNanos=951700}
nov 11, 2024 1:27:51 A. M. com.mongodb.diagnostics.logging.JULLogger log
INFO: Opened connection [connectionId{localValue:26}] to localhost:27017
nov 11, 2024 1:27:51 A. M. implementaciones.QuejaDAO borrarQuejas
INFO: Se han eliminado 5 registros de la colección 'quejas'.
nov 11, 2024 1:27:51 A. M. com.mongodb.diagnostics.logging.JULLogger log
INFO: Closed connection [connectionId{localValue:26}] to localhost:27017 because the pool has been closed.
nov 11, 2024 1:27:51 A. M. conexion.Conexion cerrarConexion
INFO: Se ha cerrado la conexión con el servidor.
]]></system-err>
  </testcase>
  <testcase name="testObtenerQuejaInexistente" classname="implementaciones.QuejaDAOTest" time="0.052">
    <system-err><![CDATA[nov 11, 2024 1:27:51 A. M. com.mongodb.diagnostics.logging.JULLogger log
INFO: Cluster created with settings {hosts=[localhost:27017], mode=SINGLE, requiredClusterType=UNKNOWN, serverSelectionTimeout='30000 ms', maxWaitQueueSize=500}
nov 11, 2024 1:27:51 A. M. conexion.Conexion crearConexion
INFO: Se ha establecido la conexión con el servidor.
nov 11, 2024 1:27:51 A. M. com.mongodb.diagnostics.logging.JULLogger log
INFO: Cluster created with settings {hosts=[localhost:27017], mode=SINGLE, requiredClusterType=UNKNOWN, serverSelectionTimeout='30000 ms', maxWaitQueueSize=500}
nov 11, 2024 1:27:51 A. M. conexion.Conexion crearConexion
INFO: Se ha establecido la conexión con el servidor.
nov 11, 2024 1:27:51 A. M. com.mongodb.diagnostics.logging.JULLogger log
INFO: Cluster description not yet available. Waiting for 30000 ms before timing out
nov 11, 2024 1:27:51 A. M. com.mongodb.diagnostics.logging.JULLogger log
INFO: Opened connection [connectionId{localValue:27}] to localhost:27017
nov 11, 2024 1:27:51 A. M. com.mongodb.diagnostics.logging.JULLogger log
INFO: Monitor thread successfully connected to server with description ServerDescription{address=localhost:27017, type=STANDALONE, state=CONNECTED, ok=true, version=ServerVersion{versionList=[8, 0, 3]}, minWireVersion=0, maxWireVersion=25, maxDocumentSize=16777216, logicalSessionTimeoutMinutes=30, roundTripTimeNanos=1181700}
nov 11, 2024 1:27:51 A. M. com.mongodb.diagnostics.logging.JULLogger log
INFO: Opened connection [connectionId{localValue:28}] to localhost:27017
nov 11, 2024 1:27:51 A. M. com.mongodb.diagnostics.logging.JULLogger log
INFO: Monitor thread successfully connected to server with description ServerDescription{address=localhost:27017, type=STANDALONE, state=CONNECTED, ok=true, version=ServerVersion{versionList=[8, 0, 3]}, minWireVersion=0, maxWireVersion=25, maxDocumentSize=16777216, logicalSessionTimeoutMinutes=30, roundTripTimeNanos=1014600}
nov 11, 2024 1:27:51 A. M. com.mongodb.diagnostics.logging.JULLogger log
INFO: Opened connection [connectionId{localValue:29}] to localhost:27017
nov 11, 2024 1:27:51 A. M. implementaciones.QuejaDAO buscarQuejaPorId
SEVERE: Error al buscar la queja por ID
excepciones.PersistenciaException: No hay ninguna queja con ese ID
	at implementaciones.QuejaDAO.buscarQuejaPorId(QuejaDAO.java:132)
	at implementaciones.QuejaDAOTest.lambda$testObtenerQuejaInexistente$0(QuejaDAOTest.java:179)
	at org.junit.jupiter.api.AssertThrows.assertThrows(AssertThrows.java:53)
	at org.junit.jupiter.api.AssertThrows.assertThrows(AssertThrows.java:35)
	at org.junit.jupiter.api.Assertions.assertThrows(Assertions.java:3115)
	at implementaciones.QuejaDAOTest.testObtenerQuejaInexistente(QuejaDAOTest.java:178)
	at java.base/jdk.internal.reflect.DirectMethodHandleAccessor.invoke(DirectMethodHandleAccessor.java:103)
	at java.base/java.lang.reflect.Method.invoke(Method.java:580)
	at org.junit.platform.commons.util.ReflectionUtils.invokeMethod(ReflectionUtils.java:728)
	at org.junit.jupiter.engine.execution.MethodInvocation.proceed(MethodInvocation.java:60)
	at org.junit.jupiter.engine.execution.InvocationInterceptorChain$ValidatingInvocation.proceed(InvocationInterceptorChain.java:131)
	at org.junit.jupiter.engine.extension.TimeoutExtension.intercept(TimeoutExtension.java:156)
	at org.junit.jupiter.engine.extension.TimeoutExtension.interceptTestableMethod(TimeoutExtension.java:147)
	at org.junit.jupiter.engine.extension.TimeoutExtension.interceptTestMethod(TimeoutExtension.java:86)
	at org.junit.jupiter.engine.execution.InterceptingExecutableInvoker$ReflectiveInterceptorCall.lambda$ofVoidMethod$0(InterceptingExecutableInvoker.java:103)
	at org.junit.jupiter.engine.execution.InterceptingExecutableInvoker.lambda$invoke$0(InterceptingExecutableInvoker.java:93)
	at org.junit.jupiter.engine.execution.InvocationInterceptorChain$InterceptedInvocation.proceed(InvocationInterceptorChain.java:106)
	at org.junit.jupiter.engine.execution.InvocationInterceptorChain.proceed(InvocationInterceptorChain.java:64)
	at org.junit.jupiter.engine.execution.InvocationInterceptorChain.chainAndInvoke(InvocationInterceptorChain.java:45)
	at org.junit.jupiter.engine.execution.InvocationInterceptorChain.invoke(InvocationInterceptorChain.java:37)
	at org.junit.jupiter.engine.execution.InterceptingExecutableInvoker.invoke(InterceptingExecutableInvoker.java:92)
	at org.junit.jupiter.engine.execution.InterceptingExecutableInvoker.invoke(InterceptingExecutableInvoker.java:86)
	at org.junit.jupiter.engine.descriptor.TestMethodTestDescriptor.lambda$invokeTestMethod$7(TestMethodTestDescriptor.java:218)
	at org.junit.platform.engine.support.hierarchical.ThrowableCollector.execute(ThrowableCollector.java:73)
	at org.junit.jupiter.engine.descriptor.TestMethodTestDescriptor.invokeTestMethod(TestMethodTestDescriptor.java:214)
	at org.junit.jupiter.engine.descriptor.TestMethodTestDescriptor.execute(TestMethodTestDescriptor.java:139)
	at org.junit.jupiter.engine.descriptor.TestMethodTestDescriptor.execute(TestMethodTestDescriptor.java:69)
	at org.junit.platform.engine.support.hierarchical.NodeTestTask.lambda$executeRecursively$6(NodeTestTask.java:151)
	at org.junit.platform.engine.support.hierarchical.ThrowableCollector.execute(ThrowableCollector.java:73)
	at org.junit.platform.engine.support.hierarchical.NodeTestTask.lambda$executeRecursively$8(NodeTestTask.java:141)
	at org.junit.platform.engine.support.hierarchical.Node.around(Node.java:137)
	at org.junit.platform.engine.support.hierarchical.NodeTestTask.lambda$executeRecursively$9(NodeTestTask.java:139)
	at org.junit.platform.engine.support.hierarchical.ThrowableCollector.execute(ThrowableCollector.java:73)
	at org.junit.platform.engine.support.hierarchical.NodeTestTask.executeRecursively(NodeTestTask.java:138)
	at org.junit.platform.engine.support.hierarchical.NodeTestTask.execute(NodeTestTask.java:95)
	at java.base/java.util.ArrayList.forEach(ArrayList.java:1596)
	at org.junit.platform.engine.support.hierarchical.SameThreadHierarchicalTestExecutorService.invokeAll(SameThreadHierarchicalTestExecutorService.java:41)
	at org.junit.platform.engine.support.hierarchical.NodeTestTask.lambda$executeRecursively$6(NodeTestTask.java:155)
	at org.junit.platform.engine.support.hierarchical.ThrowableCollector.execute(ThrowableCollector.java:73)
	at org.junit.platform.engine.support.hierarchical.NodeTestTask.lambda$executeRecursively$8(NodeTestTask.java:141)
	at org.junit.platform.engine.support.hierarchical.Node.around(Node.java:137)
	at org.junit.platform.engine.support.hierarchical.NodeTestTask.lambda$executeRecursively$9(NodeTestTask.java:139)
	at org.junit.platform.engine.support.hierarchical.ThrowableCollector.execute(ThrowableCollector.java:73)
	at org.junit.platform.engine.support.hierarchical.NodeTestTask.executeRecursively(NodeTestTask.java:138)
	at org.junit.platform.engine.support.hierarchical.NodeTestTask.execute(NodeTestTask.java:95)
	at java.base/java.util.ArrayList.forEach(ArrayList.java:1596)
	at org.junit.platform.engine.support.hierarchical.SameThreadHierarchicalTestExecutorService.invokeAll(SameThreadHierarchicalTestExecutorService.java:41)
	at org.junit.platform.engine.support.hierarchical.NodeTestTask.lambda$executeRecursively$6(NodeTestTask.java:155)
	at org.junit.platform.engine.support.hierarchical.ThrowableCollector.execute(ThrowableCollector.java:73)
	at org.junit.platform.engine.support.hierarchical.NodeTestTask.lambda$executeRecursively$8(NodeTestTask.java:141)
	at org.junit.platform.engine.support.hierarchical.Node.around(Node.java:137)
	at org.junit.platform.engine.support.hierarchical.NodeTestTask.lambda$executeRecursively$9(NodeTestTask.java:139)
	at org.junit.platform.engine.support.hierarchical.ThrowableCollector.execute(ThrowableCollector.java:73)
	at org.junit.platform.engine.support.hierarchical.NodeTestTask.executeRecursively(NodeTestTask.java:138)
	at org.junit.platform.engine.support.hierarchical.NodeTestTask.execute(NodeTestTask.java:95)
	at org.junit.platform.engine.support.hierarchical.SameThreadHierarchicalTestExecutorService.submit(SameThreadHierarchicalTestExecutorService.java:35)
	at org.junit.platform.engine.support.hierarchical.HierarchicalTestExecutor.execute(HierarchicalTestExecutor.java:57)
	at org.junit.platform.engine.support.hierarchical.HierarchicalTestEngine.execute(HierarchicalTestEngine.java:54)
	at org.junit.platform.launcher.core.EngineExecutionOrchestrator.execute(EngineExecutionOrchestrator.java:198)
	at org.junit.platform.launcher.core.EngineExecutionOrchestrator.execute(EngineExecutionOrchestrator.java:169)
	at org.junit.platform.launcher.core.EngineExecutionOrchestrator.execute(EngineExecutionOrchestrator.java:93)
	at org.junit.platform.launcher.core.EngineExecutionOrchestrator.lambda$execute$0(EngineExecutionOrchestrator.java:58)
	at org.junit.platform.launcher.core.EngineExecutionOrchestrator.withInterceptedStreams(EngineExecutionOrchestrator.java:141)
	at org.junit.platform.launcher.core.EngineExecutionOrchestrator.execute(EngineExecutionOrchestrator.java:57)
	at org.junit.platform.launcher.core.DefaultLauncher.execute(DefaultLauncher.java:103)
	at org.junit.platform.launcher.core.DefaultLauncher.execute(DefaultLauncher.java:85)
	at org.junit.platform.launcher.core.DelegatingLauncher.execute(DelegatingLauncher.java:47)
	at org.apache.maven.surefire.junitplatform.LazyLauncher.execute(LazyLauncher.java:56)
	at org.apache.maven.surefire.junitplatform.JUnitPlatformProvider.execute(JUnitPlatformProvider.java:184)
	at org.apache.maven.surefire.junitplatform.JUnitPlatformProvider.invokeAllTests(JUnitPlatformProvider.java:148)
	at org.apache.maven.surefire.junitplatform.JUnitPlatformProvider.invoke(JUnitPlatformProvider.java:122)
	at org.apache.maven.surefire.booter.ForkedBooter.runSuitesInProcess(ForkedBooter.java:385)
	at org.apache.maven.surefire.booter.ForkedBooter.execute(ForkedBooter.java:162)
	at org.apache.maven.surefire.booter.ForkedBooter.run(ForkedBooter.java:507)
	at org.apache.maven.surefire.booter.ForkedBooter.main(ForkedBooter.java:495)

nov 11, 2024 1:27:51 A. M. com.mongodb.diagnostics.logging.JULLogger log
INFO: Cluster created with settings {hosts=[localhost:27017], mode=SINGLE, requiredClusterType=UNKNOWN, serverSelectionTimeout='30000 ms', maxWaitQueueSize=500}
nov 11, 2024 1:27:51 A. M. conexion.Conexion crearConexion
INFO: Se ha establecido la conexión con el servidor.
nov 11, 2024 1:27:51 A. M. com.mongodb.diagnostics.logging.JULLogger log
INFO: Cluster description not yet available. Waiting for 30000 ms before timing out
nov 11, 2024 1:27:51 A. M. com.mongodb.diagnostics.logging.JULLogger log
INFO: Opened connection [connectionId{localValue:30}] to localhost:27017
nov 11, 2024 1:27:51 A. M. com.mongodb.diagnostics.logging.JULLogger log
INFO: Monitor thread successfully connected to server with description ServerDescription{address=localhost:27017, type=STANDALONE, state=CONNECTED, ok=true, version=ServerVersion{versionList=[8, 0, 3]}, minWireVersion=0, maxWireVersion=25, maxDocumentSize=16777216, logicalSessionTimeoutMinutes=30, roundTripTimeNanos=749200}
nov 11, 2024 1:27:51 A. M. com.mongodb.diagnostics.logging.JULLogger log
INFO: Opened connection [connectionId{localValue:31}] to localhost:27017
nov 11, 2024 1:27:51 A. M. implementaciones.QuejaDAO borrarQuejas
INFO: Se han eliminado 0 registros de la colección 'quejas'.
nov 11, 2024 1:27:51 A. M. com.mongodb.diagnostics.logging.JULLogger log
INFO: Closed connection [connectionId{localValue:31}] to localhost:27017 because the pool has been closed.
nov 11, 2024 1:27:51 A. M. conexion.Conexion cerrarConexion
INFO: Se ha cerrado la conexión con el servidor.
]]></system-err>
  </testcase>
  <testcase name="testObtenerTodasLasQuejas" classname="implementaciones.QuejaDAOTest" time="0.08">
    <system-err><![CDATA[nov 11, 2024 1:27:51 A. M. com.mongodb.diagnostics.logging.JULLogger log
INFO: Cluster created with settings {hosts=[localhost:27017], mode=SINGLE, requiredClusterType=UNKNOWN, serverSelectionTimeout='30000 ms', maxWaitQueueSize=500}
nov 11, 2024 1:27:51 A. M. conexion.Conexion crearConexion
INFO: Se ha establecido la conexión con el servidor.
nov 11, 2024 1:27:51 A. M. com.mongodb.diagnostics.logging.JULLogger log
INFO: Cluster description not yet available. Waiting for 30000 ms before timing out
nov 11, 2024 1:27:51 A. M. com.mongodb.diagnostics.logging.JULLogger log
INFO: Opened connection [connectionId{localValue:32}] to localhost:27017
nov 11, 2024 1:27:51 A. M. com.mongodb.diagnostics.logging.JULLogger log
INFO: Monitor thread successfully connected to server with description ServerDescription{address=localhost:27017, type=STANDALONE, state=CONNECTED, ok=true, version=ServerVersion{versionList=[8, 0, 3]}, minWireVersion=0, maxWireVersion=25, maxDocumentSize=16777216, logicalSessionTimeoutMinutes=30, roundTripTimeNanos=849200}
nov 11, 2024 1:27:51 A. M. com.mongodb.diagnostics.logging.JULLogger log
INFO: Opened connection [connectionId{localValue:33}] to localhost:27017
nov 11, 2024 1:27:51 A. M. implementaciones.QuejaDAO insertarQueja
INFO: Se ha insertado la queja en la colección 'quejas'.
nov 11, 2024 1:27:51 A. M. implementaciones.QuejaDAO insertarQueja
INFO: Se ha insertado la queja en la colección 'quejas'.
nov 11, 2024 1:27:51 A. M. implementaciones.QuejaDAO insertarQueja
INFO: Se ha insertado la queja en la colección 'quejas'.
nov 11, 2024 1:27:51 A. M. implementaciones.QuejaDAO insertarQueja
INFO: Se ha insertado la queja en la colección 'quejas'.
nov 11, 2024 1:27:51 A. M. com.mongodb.diagnostics.logging.JULLogger log
INFO: Cluster created with settings {hosts=[localhost:27017], mode=SINGLE, requiredClusterType=UNKNOWN, serverSelectionTimeout='30000 ms', maxWaitQueueSize=500}
nov 11, 2024 1:27:51 A. M. conexion.Conexion crearConexion
INFO: Se ha establecido la conexión con el servidor.
nov 11, 2024 1:27:51 A. M. com.mongodb.diagnostics.logging.JULLogger log
INFO: Cluster description not yet available. Waiting for 30000 ms before timing out
nov 11, 2024 1:27:51 A. M. com.mongodb.diagnostics.logging.JULLogger log
INFO: Opened connection [connectionId{localValue:34}] to localhost:27017
nov 11, 2024 1:27:51 A. M. com.mongodb.diagnostics.logging.JULLogger log
INFO: Monitor thread successfully connected to server with description ServerDescription{address=localhost:27017, type=STANDALONE, state=CONNECTED, ok=true, version=ServerVersion{versionList=[8, 0, 3]}, minWireVersion=0, maxWireVersion=25, maxDocumentSize=16777216, logicalSessionTimeoutMinutes=30, roundTripTimeNanos=1047600}
nov 11, 2024 1:27:51 A. M. com.mongodb.diagnostics.logging.JULLogger log
INFO: Opened connection [connectionId{localValue:35}] to localhost:27017
nov 11, 2024 1:27:51 A. M. com.mongodb.diagnostics.logging.JULLogger log
INFO: Cluster created with settings {hosts=[localhost:27017], mode=SINGLE, requiredClusterType=UNKNOWN, serverSelectionTimeout='30000 ms', maxWaitQueueSize=500}
nov 11, 2024 1:27:51 A. M. conexion.Conexion crearConexion
INFO: Se ha establecido la conexión con el servidor.
nov 11, 2024 1:27:51 A. M. com.mongodb.diagnostics.logging.JULLogger log
INFO: Cluster description not yet available. Waiting for 30000 ms before timing out
nov 11, 2024 1:27:51 A. M. com.mongodb.diagnostics.logging.JULLogger log
INFO: Opened connection [connectionId{localValue:36}] to localhost:27017
nov 11, 2024 1:27:51 A. M. com.mongodb.diagnostics.logging.JULLogger log
INFO: Monitor thread successfully connected to server with description ServerDescription{address=localhost:27017, type=STANDALONE, state=CONNECTED, ok=true, version=ServerVersion{versionList=[8, 0, 3]}, minWireVersion=0, maxWireVersion=25, maxDocumentSize=16777216, logicalSessionTimeoutMinutes=30, roundTripTimeNanos=753900}
nov 11, 2024 1:27:51 A. M. com.mongodb.diagnostics.logging.JULLogger log
INFO: Opened connection [connectionId{localValue:37}] to localhost:27017
nov 11, 2024 1:27:51 A. M. implementaciones.QuejaDAO borrarQuejas
INFO: Se han eliminado 4 registros de la colección 'quejas'.
nov 11, 2024 1:27:51 A. M. com.mongodb.diagnostics.logging.JULLogger log
INFO: Closed connection [connectionId{localValue:37}] to localhost:27017 because the pool has been closed.
nov 11, 2024 1:27:51 A. M. conexion.Conexion cerrarConexion
INFO: Se ha cerrado la conexión con el servidor.
]]></system-err>
  </testcase>
  <testcase name="testConfirmarLectura" classname="implementaciones.QuejaDAOTest" time="0.099">
    <system-err><![CDATA[nov 11, 2024 1:27:51 A. M. com.mongodb.diagnostics.logging.JULLogger log
INFO: Cluster created with settings {hosts=[localhost:27017], mode=SINGLE, requiredClusterType=UNKNOWN, serverSelectionTimeout='30000 ms', maxWaitQueueSize=500}
nov 11, 2024 1:27:51 A. M. conexion.Conexion crearConexion
INFO: Se ha establecido la conexión con el servidor.
nov 11, 2024 1:27:51 A. M. com.mongodb.diagnostics.logging.JULLogger log
INFO: Cluster description not yet available. Waiting for 30000 ms before timing out
nov 11, 2024 1:27:51 A. M. com.mongodb.diagnostics.logging.JULLogger log
INFO: Opened connection [connectionId{localValue:38}] to localhost:27017
nov 11, 2024 1:27:51 A. M. com.mongodb.diagnostics.logging.JULLogger log
INFO: Monitor thread successfully connected to server with description ServerDescription{address=localhost:27017, type=STANDALONE, state=CONNECTED, ok=true, version=ServerVersion{versionList=[8, 0, 3]}, minWireVersion=0, maxWireVersion=25, maxDocumentSize=16777216, logicalSessionTimeoutMinutes=30, roundTripTimeNanos=1156700}
nov 11, 2024 1:27:51 A. M. com.mongodb.diagnostics.logging.JULLogger log
INFO: Opened connection [connectionId{localValue:39}] to localhost:27017
nov 11, 2024 1:27:51 A. M. implementaciones.QuejaDAO insertarQueja
INFO: Se ha insertado la queja en la colección 'quejas'.
nov 11, 2024 1:27:51 A. M. com.mongodb.diagnostics.logging.JULLogger log
INFO: Cluster created with settings {hosts=[localhost:27017], mode=SINGLE, requiredClusterType=UNKNOWN, serverSelectionTimeout='30000 ms', maxWaitQueueSize=500}
nov 11, 2024 1:27:51 A. M. conexion.Conexion crearConexion
INFO: Se ha establecido la conexión con el servidor.
nov 11, 2024 1:27:51 A. M. com.mongodb.diagnostics.logging.JULLogger log
INFO: Cluster description not yet available. Waiting for 30000 ms before timing out
nov 11, 2024 1:27:51 A. M. com.mongodb.diagnostics.logging.JULLogger log
INFO: Opened connection [connectionId{localValue:40}] to localhost:27017
nov 11, 2024 1:27:51 A. M. com.mongodb.diagnostics.logging.JULLogger log
INFO: Monitor thread successfully connected to server with description ServerDescription{address=localhost:27017, type=STANDALONE, state=CONNECTED, ok=true, version=ServerVersion{versionList=[8, 0, 3]}, minWireVersion=0, maxWireVersion=25, maxDocumentSize=16777216, logicalSessionTimeoutMinutes=30, roundTripTimeNanos=636300}
nov 11, 2024 1:27:51 A. M. com.mongodb.diagnostics.logging.JULLogger log
INFO: Opened connection [connectionId{localValue:41}] to localhost:27017
nov 11, 2024 1:27:51 A. M. com.mongodb.diagnostics.logging.JULLogger log
INFO: Cluster created with settings {hosts=[localhost:27017], mode=SINGLE, requiredClusterType=UNKNOWN, serverSelectionTimeout='30000 ms', maxWaitQueueSize=500}
nov 11, 2024 1:27:51 A. M. conexion.Conexion crearConexion
INFO: Se ha establecido la conexión con el servidor.
nov 11, 2024 1:27:51 A. M. com.mongodb.diagnostics.logging.JULLogger log
INFO: Cluster description not yet available. Waiting for 30000 ms before timing out
nov 11, 2024 1:27:51 A. M. com.mongodb.diagnostics.logging.JULLogger log
INFO: Opened connection [connectionId{localValue:42}] to localhost:27017
nov 11, 2024 1:27:51 A. M. com.mongodb.diagnostics.logging.JULLogger log
INFO: Monitor thread successfully connected to server with description ServerDescription{address=localhost:27017, type=STANDALONE, state=CONNECTED, ok=true, version=ServerVersion{versionList=[8, 0, 3]}, minWireVersion=0, maxWireVersion=25, maxDocumentSize=16777216, logicalSessionTimeoutMinutes=30, roundTripTimeNanos=2408500}
nov 11, 2024 1:27:51 A. M. com.mongodb.diagnostics.logging.JULLogger log
INFO: Opened connection [connectionId{localValue:43}] to localhost:27017
nov 11, 2024 1:27:51 A. M. implementaciones.QuejaDAO buscarQuejaPorId
INFO: Se encontró una queja con el ID: 672c1501e23c507d2981e304
nov 11, 2024 1:27:51 A. M. com.mongodb.diagnostics.logging.JULLogger log
INFO: Cluster created with settings {hosts=[localhost:27017], mode=SINGLE, requiredClusterType=UNKNOWN, serverSelectionTimeout='30000 ms', maxWaitQueueSize=500}
nov 11, 2024 1:27:51 A. M. conexion.Conexion crearConexion
INFO: Se ha establecido la conexión con el servidor.
nov 11, 2024 1:27:51 A. M. com.mongodb.diagnostics.logging.JULLogger log
INFO: Cluster description not yet available. Waiting for 30000 ms before timing out
nov 11, 2024 1:27:51 A. M. com.mongodb.diagnostics.logging.JULLogger log
INFO: Opened connection [connectionId{localValue:44}] to localhost:27017
nov 11, 2024 1:27:51 A. M. com.mongodb.diagnostics.logging.JULLogger log
INFO: Monitor thread successfully connected to server with description ServerDescription{address=localhost:27017, type=STANDALONE, state=CONNECTED, ok=true, version=ServerVersion{versionList=[8, 0, 3]}, minWireVersion=0, maxWireVersion=25, maxDocumentSize=16777216, logicalSessionTimeoutMinutes=30, roundTripTimeNanos=917100}
nov 11, 2024 1:27:51 A. M. com.mongodb.diagnostics.logging.JULLogger log
INFO: Opened connection [connectionId{localValue:45}] to localhost:27017
nov 11, 2024 1:27:51 A. M. implementaciones.QuejaDAO borrarQuejas
INFO: Se han eliminado 1 registros de la colección 'quejas'.
nov 11, 2024 1:27:51 A. M. com.mongodb.diagnostics.logging.JULLogger log
INFO: Closed connection [connectionId{localValue:45}] to localhost:27017 because the pool has been closed.
nov 11, 2024 1:27:51 A. M. conexion.Conexion cerrarConexion
INFO: Se ha cerrado la conexión con el servidor.
]]></system-err>
  </testcase>
  <testcase name="testObtenerQuejasPorTipoInexistente" classname="implementaciones.QuejaDAOTest" time="0.101">
    <system-err><![CDATA[nov 11, 2024 1:27:51 A. M. com.mongodb.diagnostics.logging.JULLogger log
INFO: Cluster created with settings {hosts=[localhost:27017], mode=SINGLE, requiredClusterType=UNKNOWN, serverSelectionTimeout='30000 ms', maxWaitQueueSize=500}
nov 11, 2024 1:27:51 A. M. conexion.Conexion crearConexion
INFO: Se ha establecido la conexión con el servidor.
nov 11, 2024 1:27:51 A. M. com.mongodb.diagnostics.logging.JULLogger log
INFO: Cluster description not yet available. Waiting for 30000 ms before timing out
nov 11, 2024 1:27:51 A. M. com.mongodb.diagnostics.logging.JULLogger log
INFO: Opened connection [connectionId{localValue:46}] to localhost:27017
nov 11, 2024 1:27:51 A. M. com.mongodb.diagnostics.logging.JULLogger log
INFO: Monitor thread successfully connected to server with description ServerDescription{address=localhost:27017, type=STANDALONE, state=CONNECTED, ok=true, version=ServerVersion{versionList=[8, 0, 3]}, minWireVersion=0, maxWireVersion=25, maxDocumentSize=16777216, logicalSessionTimeoutMinutes=30, roundTripTimeNanos=1742700}
nov 11, 2024 1:27:51 A. M. com.mongodb.diagnostics.logging.JULLogger log
INFO: Opened connection [connectionId{localValue:47}] to localhost:27017
nov 11, 2024 1:27:51 A. M. implementaciones.QuejaDAO insertarQueja
INFO: Se ha insertado la queja en la colección 'quejas'.
nov 11, 2024 1:27:51 A. M. implementaciones.QuejaDAO insertarQueja
INFO: Se ha insertado la queja en la colección 'quejas'.
nov 11, 2024 1:27:51 A. M. implementaciones.QuejaDAO insertarQueja
INFO: Se ha insertado la queja en la colección 'quejas'.
nov 11, 2024 1:27:51 A. M. com.mongodb.diagnostics.logging.JULLogger log
INFO: Cluster created with settings {hosts=[localhost:27017], mode=SINGLE, requiredClusterType=UNKNOWN, serverSelectionTimeout='30000 ms', maxWaitQueueSize=500}
nov 11, 2024 1:27:51 A. M. conexion.Conexion crearConexion
INFO: Se ha establecido la conexión con el servidor.
nov 11, 2024 1:27:51 A. M. com.mongodb.diagnostics.logging.JULLogger log
INFO: Cluster description not yet available. Waiting for 30000 ms before timing out
nov 11, 2024 1:27:51 A. M. com.mongodb.diagnostics.logging.JULLogger log
INFO: Opened connection [connectionId{localValue:48}] to localhost:27017
nov 11, 2024 1:27:51 A. M. com.mongodb.diagnostics.logging.JULLogger log
INFO: Monitor thread successfully connected to server with description ServerDescription{address=localhost:27017, type=STANDALONE, state=CONNECTED, ok=true, version=ServerVersion{versionList=[8, 0, 3]}, minWireVersion=0, maxWireVersion=25, maxDocumentSize=16777216, logicalSessionTimeoutMinutes=30, roundTripTimeNanos=860300}
nov 11, 2024 1:27:51 A. M. com.mongodb.diagnostics.logging.JULLogger log
INFO: Opened connection [connectionId{localValue:49}] to localhost:27017
nov 11, 2024 1:27:51 A. M. com.mongodb.diagnostics.logging.JULLogger log
INFO: Cluster created with settings {hosts=[localhost:27017], mode=SINGLE, requiredClusterType=UNKNOWN, serverSelectionTimeout='30000 ms', maxWaitQueueSize=500}
nov 11, 2024 1:27:51 A. M. conexion.Conexion crearConexion
INFO: Se ha establecido la conexión con el servidor.
nov 11, 2024 1:27:51 A. M. com.mongodb.diagnostics.logging.JULLogger log
INFO: Cluster description not yet available. Waiting for 30000 ms before timing out
nov 11, 2024 1:27:51 A. M. com.mongodb.diagnostics.logging.JULLogger log
INFO: Opened connection [connectionId{localValue:50}] to localhost:27017
nov 11, 2024 1:27:51 A. M. com.mongodb.diagnostics.logging.JULLogger log
INFO: Monitor thread successfully connected to server with description ServerDescription{address=localhost:27017, type=STANDALONE, state=CONNECTED, ok=true, version=ServerVersion{versionList=[8, 0, 3]}, minWireVersion=0, maxWireVersion=25, maxDocumentSize=16777216, logicalSessionTimeoutMinutes=30, roundTripTimeNanos=1616800}
nov 11, 2024 1:27:51 A. M. com.mongodb.diagnostics.logging.JULLogger log
INFO: Opened connection [connectionId{localValue:51}] to localhost:27017
nov 11, 2024 1:27:51 A. M. implementaciones.QuejaDAO borrarQuejas
INFO: Se han eliminado 3 registros de la colección 'quejas'.
nov 11, 2024 1:27:51 A. M. com.mongodb.diagnostics.logging.JULLogger log
INFO: Closed connection [connectionId{localValue:51}] to localhost:27017 because the pool has been closed.
nov 11, 2024 1:27:51 A. M. conexion.Conexion cerrarConexion
INFO: Se ha cerrado la conexión con el servidor.
]]></system-err>
  </testcase>
</testsuite>