<?xml version="1.0" encoding="UTF-8"?>
<testsuite xmlns:xsi="http://www.w3.org/2001/XMLSchema-instance" xsi:noNamespaceSchemaLocation="https://maven.apache.org/surefire/maven-surefire-plugin/xsd/surefire-test-report-3.0.xsd" version="3.0" name="implementaciones.QuejaDAOTest" time="0.797" tests="1" errors="0" skipped="0" failures="0">
  <properties>
[...]
</properties>
  <testcase name="testInsertarQuejaNormal" classname="implementaciones.QuejaDAOTest" time="0.285">
    <system-out><![CDATA[null
]]></system-out>
    <system-err><![CDATA[nov 10, 2024 6:36:42 P. M. com.mongodb.diagnostics.logging.JULLogger log
INFO: Cluster created with settings {hosts=[localhost:27017], mode=SINGLE, requiredClusterType=UNKNOWN, serverSelectionTimeout='30000 ms', maxWaitQueueSize=500}
nov 10, 2024 6:36:42 P. M. conexion.Conexion crearConexion
INFO: Se ha establecido la conexión con el servidor.
nov 10, 2024 6:36:42 P. M. com.mongodb.diagnostics.logging.JULLogger log
INFO: Cluster description not yet available. Waiting for 30000 ms before timing out
nov 10, 2024 6:36:42 P. M. com.mongodb.diagnostics.logging.JULLogger log
INFO: Opened connection [connectionId{localValue:1}] to localhost:27017
nov 10, 2024 6:36:42 P. M. com.mongodb.diagnostics.logging.JULLogger log
INFO: Monitor thread successfully connected to server with description ServerDescription{address=localhost:27017, type=STANDALONE, state=CONNECTED, ok=true, version=ServerVersion{versionList=[8, 0, 3]}, minWireVersion=0, maxWireVersion=25, maxDocumentSize=16777216, logicalSessionTimeoutMinutes=30, roundTripTimeNanos=6083600}
nov 10, 2024 6:36:42 P. M. com.mongodb.diagnostics.logging.JULLogger log
INFO: Opened connection [connectionId{localValue:2}] to localhost:27017
nov 10, 2024 6:36:42 P. M. implementaciones.QuejaDAO buscarQuejaPorId
INFO: No se encontró una queja con el ID proporcionado: 672c1501e23c507d2981e304
nov 10, 2024 6:36:42 P. M. com.mongodb.diagnostics.logging.JULLogger log
INFO: Cluster created with settings {hosts=[localhost:27017], mode=SINGLE, requiredClusterType=UNKNOWN, serverSelectionTimeout='30000 ms', maxWaitQueueSize=500}
nov 10, 2024 6:36:42 P. M. conexion.Conexion crearConexion
INFO: Se ha establecido la conexión con el servidor.
nov 10, 2024 6:36:42 P. M. com.mongodb.diagnostics.logging.JULLogger log
INFO: Opened connection [connectionId{localValue:3}] to localhost:27017
nov 10, 2024 6:36:42 P. M. com.mongodb.diagnostics.logging.JULLogger log
INFO: Monitor thread successfully connected to server with description ServerDescription{address=localhost:27017, type=STANDALONE, state=CONNECTED, ok=true, version=ServerVersion{versionList=[8, 0, 3]}, minWireVersion=0, maxWireVersion=25, maxDocumentSize=16777216, logicalSessionTimeoutMinutes=30, roundTripTimeNanos=1151500}
nov 10, 2024 6:36:42 P. M. com.mongodb.diagnostics.logging.JULLogger log
INFO: Opened connection [connectionId{localValue:4}] to localhost:27017
nov 10, 2024 6:36:42 P. M. implementaciones.QuejaDAO borrarQuejas
INFO: Se han eliminado 0 registros de la colección 'quejas'.
nov 10, 2024 6:36:42 P. M. com.mongodb.diagnostics.logging.JULLogger log
INFO: Closed connection [connectionId{localValue:4}] to localhost:27017 because the pool has been closed.
nov 10, 2024 6:36:42 P. M. conexion.Conexion cerrarConexion
INFO: Se ha cerrado la conexión con el servidor.
]]></system-err>
  </testcase>
</testsuite>